09:17:24.278 [main] ERROR com.alibaba.druid.pool.DruidDataSource [line:1137] testWhileIdle is true, validationQuery not set
09:17:26.605 [Druid-ConnectionPool-Create-418731780] ERROR com.alibaba.druid.pool.DruidDataSource [line:2572] create connection SQLException, url: jdbc:h2:tcp://localhost:9092/~/test, errorCode 90067, state 90067
org.h2.jdbc.JdbcSQLException: Connection is broken: "java.net.ConnectException: Connection refused: connect: localhost:9092" [90067-195]
	at org.h2.message.DbException.getJdbcSQLException(DbException.java:345)
	at org.h2.message.DbException.get(DbException.java:168)
	at org.h2.engine.SessionRemote.connectServer(SessionRemote.java:457)
	at org.h2.engine.SessionRemote.connectEmbeddedOrServer(SessionRemote.java:334)
	at org.h2.jdbc.JdbcConnection.<init>(JdbcConnection.java:116)
	at org.h2.jdbc.JdbcConnection.<init>(JdbcConnection.java:100)
	at org.h2.Driver.connect(Driver.java:69)
	at com.alibaba.druid.pool.DruidAbstractDataSource.createPhysicalConnection(DruidAbstractDataSource.java:1578)
	at com.alibaba.druid.pool.DruidAbstractDataSource.createPhysicalConnection(DruidAbstractDataSource.java:1644)
	at com.alibaba.druid.pool.DruidDataSource$CreateConnectionThread.run(DruidDataSource.java:2570)
Caused by: java.net.ConnectException: Connection refused: connect
	at java.net.DualStackPlainSocketImpl.waitForConnect(Native Method)
	at java.net.DualStackPlainSocketImpl.socketConnect(DualStackPlainSocketImpl.java:85)
	at java.net.AbstractPlainSocketImpl.doConnect(AbstractPlainSocketImpl.java:350)
	at java.net.AbstractPlainSocketImpl.connectToAddress(AbstractPlainSocketImpl.java:206)
	at java.net.AbstractPlainSocketImpl.connect(AbstractPlainSocketImpl.java:188)
	at java.net.PlainSocketImpl.connect(PlainSocketImpl.java:172)
	at java.net.SocksSocketImpl.connect(SocksSocketImpl.java:392)
	at java.net.Socket.connect(Socket.java:589)
	at org.h2.util.NetUtils.createSocket(NetUtils.java:123)
	at org.h2.util.NetUtils.createSocket(NetUtils.java:103)
	at org.h2.engine.SessionRemote.initTransfer(SessionRemote.java:115)
	at org.h2.engine.SessionRemote.connectServer(SessionRemote.java:453)
	... 7 common frames omitted
09:17:28.613 [Druid-ConnectionPool-Create-418731780] ERROR com.alibaba.druid.pool.DruidDataSource [line:2572] create connection SQLException, url: jdbc:h2:tcp://localhost:9092/~/test, errorCode 90067, state 90067
org.h2.jdbc.JdbcSQLException: Connection is broken: "java.net.ConnectException: Connection refused: connect: localhost:9092" [90067-195]
	at org.h2.message.DbException.getJdbcSQLException(DbException.java:345)
	at org.h2.message.DbException.get(DbException.java:168)
	at org.h2.engine.SessionRemote.connectServer(SessionRemote.java:457)
	at org.h2.engine.SessionRemote.connectEmbeddedOrServer(SessionRemote.java:334)
	at org.h2.jdbc.JdbcConnection.<init>(JdbcConnection.java:116)
	at org.h2.jdbc.JdbcConnection.<init>(JdbcConnection.java:100)
	at org.h2.Driver.connect(Driver.java:69)
	at com.alibaba.druid.pool.DruidAbstractDataSource.createPhysicalConnection(DruidAbstractDataSource.java:1578)
	at com.alibaba.druid.pool.DruidAbstractDataSource.createPhysicalConnection(DruidAbstractDataSource.java:1644)
	at com.alibaba.druid.pool.DruidDataSource$CreateConnectionThread.run(DruidDataSource.java:2570)
Caused by: java.net.ConnectException: Connection refused: connect
	at java.net.DualStackPlainSocketImpl.waitForConnect(Native Method)
	at java.net.DualStackPlainSocketImpl.socketConnect(DualStackPlainSocketImpl.java:85)
	at java.net.AbstractPlainSocketImpl.doConnect(AbstractPlainSocketImpl.java:350)
	at java.net.AbstractPlainSocketImpl.connectToAddress(AbstractPlainSocketImpl.java:206)
	at java.net.AbstractPlainSocketImpl.connect(AbstractPlainSocketImpl.java:188)
	at java.net.PlainSocketImpl.connect(PlainSocketImpl.java:172)
	at java.net.SocksSocketImpl.connect(SocksSocketImpl.java:392)
	at java.net.Socket.connect(Socket.java:589)
	at org.h2.util.NetUtils.createSocket(NetUtils.java:123)
	at org.h2.util.NetUtils.createSocket(NetUtils.java:103)
	at org.h2.engine.SessionRemote.initTransfer(SessionRemote.java:115)
	at org.h2.engine.SessionRemote.connectServer(SessionRemote.java:453)
	... 7 common frames omitted
09:17:31.131 [Druid-ConnectionPool-Create-418731780] ERROR com.alibaba.druid.pool.DruidDataSource [line:2572] create connection SQLException, url: jdbc:h2:tcp://localhost:9092/~/test, errorCode 90067, state 90067
org.h2.jdbc.JdbcSQLException: Connection is broken: "java.net.ConnectException: Connection refused: connect: localhost:9092" [90067-195]
	at org.h2.message.DbException.getJdbcSQLException(DbException.java:345)
	at org.h2.message.DbException.get(DbException.java:168)
	at org.h2.engine.SessionRemote.connectServer(SessionRemote.java:457)
	at org.h2.engine.SessionRemote.connectEmbeddedOrServer(SessionRemote.java:334)
	at org.h2.jdbc.JdbcConnection.<init>(JdbcConnection.java:116)
	at org.h2.jdbc.JdbcConnection.<init>(JdbcConnection.java:100)
	at org.h2.Driver.connect(Driver.java:69)
	at com.alibaba.druid.pool.DruidAbstractDataSource.createPhysicalConnection(DruidAbstractDataSource.java:1578)
	at com.alibaba.druid.pool.DruidAbstractDataSource.createPhysicalConnection(DruidAbstractDataSource.java:1644)
	at com.alibaba.druid.pool.DruidDataSource$CreateConnectionThread.run(DruidDataSource.java:2570)
Caused by: java.net.ConnectException: Connection refused: connect
	at java.net.DualStackPlainSocketImpl.waitForConnect(Native Method)
	at java.net.DualStackPlainSocketImpl.socketConnect(DualStackPlainSocketImpl.java:85)
	at java.net.AbstractPlainSocketImpl.doConnect(AbstractPlainSocketImpl.java:350)
	at java.net.AbstractPlainSocketImpl.connectToAddress(AbstractPlainSocketImpl.java:206)
	at java.net.AbstractPlainSocketImpl.connect(AbstractPlainSocketImpl.java:188)
	at java.net.PlainSocketImpl.connect(PlainSocketImpl.java:172)
	at java.net.SocksSocketImpl.connect(SocksSocketImpl.java:392)
	at java.net.Socket.connect(Socket.java:589)
	at org.h2.util.NetUtils.createSocket(NetUtils.java:123)
	at org.h2.util.NetUtils.createSocket(NetUtils.java:103)
	at org.h2.engine.SessionRemote.initTransfer(SessionRemote.java:115)
	at org.h2.engine.SessionRemote.connectServer(SessionRemote.java:453)
	... 7 common frames omitted
09:17:33.641 [Druid-ConnectionPool-Create-418731780] ERROR com.alibaba.druid.pool.DruidDataSource [line:2572] create connection SQLException, url: jdbc:h2:tcp://localhost:9092/~/test, errorCode 90067, state 90067
org.h2.jdbc.JdbcSQLException: Connection is broken: "java.net.ConnectException: Connection refused: connect: localhost:9092" [90067-195]
	at org.h2.message.DbException.getJdbcSQLException(DbException.java:345)
	at org.h2.message.DbException.get(DbException.java:168)
	at org.h2.engine.SessionRemote.connectServer(SessionRemote.java:457)
	at org.h2.engine.SessionRemote.connectEmbeddedOrServer(SessionRemote.java:334)
	at org.h2.jdbc.JdbcConnection.<init>(JdbcConnection.java:116)
	at org.h2.jdbc.JdbcConnection.<init>(JdbcConnection.java:100)
	at org.h2.Driver.connect(Driver.java:69)
	at com.alibaba.druid.pool.DruidAbstractDataSource.createPhysicalConnection(DruidAbstractDataSource.java:1578)
	at com.alibaba.druid.pool.DruidAbstractDataSource.createPhysicalConnection(DruidAbstractDataSource.java:1644)
	at com.alibaba.druid.pool.DruidDataSource$CreateConnectionThread.run(DruidDataSource.java:2570)
Caused by: java.net.ConnectException: Connection refused: connect
	at java.net.DualStackPlainSocketImpl.waitForConnect(Native Method)
	at java.net.DualStackPlainSocketImpl.socketConnect(DualStackPlainSocketImpl.java:85)
	at java.net.AbstractPlainSocketImpl.doConnect(AbstractPlainSocketImpl.java:350)
	at java.net.AbstractPlainSocketImpl.connectToAddress(AbstractPlainSocketImpl.java:206)
	at java.net.AbstractPlainSocketImpl.connect(AbstractPlainSocketImpl.java:188)
	at java.net.PlainSocketImpl.connect(PlainSocketImpl.java:172)
	at java.net.SocksSocketImpl.connect(SocksSocketImpl.java:392)
	at java.net.Socket.connect(Socket.java:589)
	at org.h2.util.NetUtils.createSocket(NetUtils.java:123)
	at org.h2.util.NetUtils.createSocket(NetUtils.java:103)
	at org.h2.engine.SessionRemote.initTransfer(SessionRemote.java:115)
	at org.h2.engine.SessionRemote.connectServer(SessionRemote.java:453)
	... 7 common frames omitted
09:17:36.148 [Druid-ConnectionPool-Create-418731780] ERROR com.alibaba.druid.pool.DruidDataSource [line:2572] create connection SQLException, url: jdbc:h2:tcp://localhost:9092/~/test, errorCode 90067, state 90067
org.h2.jdbc.JdbcSQLException: Connection is broken: "java.net.ConnectException: Connection refused: connect: localhost:9092" [90067-195]
	at org.h2.message.DbException.getJdbcSQLException(DbException.java:345)
	at org.h2.message.DbException.get(DbException.java:168)
	at org.h2.engine.SessionRemote.connectServer(SessionRemote.java:457)
	at org.h2.engine.SessionRemote.connectEmbeddedOrServer(SessionRemote.java:334)
	at org.h2.jdbc.JdbcConnection.<init>(JdbcConnection.java:116)
	at org.h2.jdbc.JdbcConnection.<init>(JdbcConnection.java:100)
	at org.h2.Driver.connect(Driver.java:69)
	at com.alibaba.druid.pool.DruidAbstractDataSource.createPhysicalConnection(DruidAbstractDataSource.java:1578)
	at com.alibaba.druid.pool.DruidAbstractDataSource.createPhysicalConnection(DruidAbstractDataSource.java:1644)
	at com.alibaba.druid.pool.DruidDataSource$CreateConnectionThread.run(DruidDataSource.java:2570)
Caused by: java.net.ConnectException: Connection refused: connect
	at java.net.DualStackPlainSocketImpl.waitForConnect(Native Method)
	at java.net.DualStackPlainSocketImpl.socketConnect(DualStackPlainSocketImpl.java:85)
	at java.net.AbstractPlainSocketImpl.doConnect(AbstractPlainSocketImpl.java:350)
	at java.net.AbstractPlainSocketImpl.connectToAddress(AbstractPlainSocketImpl.java:206)
	at java.net.AbstractPlainSocketImpl.connect(AbstractPlainSocketImpl.java:188)
	at java.net.PlainSocketImpl.connect(PlainSocketImpl.java:172)
	at java.net.SocksSocketImpl.connect(SocksSocketImpl.java:392)
	at java.net.Socket.connect(Socket.java:589)
	at org.h2.util.NetUtils.createSocket(NetUtils.java:123)
	at org.h2.util.NetUtils.createSocket(NetUtils.java:103)
	at org.h2.engine.SessionRemote.initTransfer(SessionRemote.java:115)
	at org.h2.engine.SessionRemote.connectServer(SessionRemote.java:453)
	... 7 common frames omitted
09:17:38.666 [Druid-ConnectionPool-Create-418731780] ERROR com.alibaba.druid.pool.DruidDataSource [line:2572] create connection SQLException, url: jdbc:h2:tcp://localhost:9092/~/test, errorCode 90067, state 90067
org.h2.jdbc.JdbcSQLException: Connection is broken: "java.net.ConnectException: Connection refused: connect: localhost:9092" [90067-195]
	at org.h2.message.DbException.getJdbcSQLException(DbException.java:345)
	at org.h2.message.DbException.get(DbException.java:168)
	at org.h2.engine.SessionRemote.connectServer(SessionRemote.java:457)
	at org.h2.engine.SessionRemote.connectEmbeddedOrServer(SessionRemote.java:334)
	at org.h2.jdbc.JdbcConnection.<init>(JdbcConnection.java:116)
	at org.h2.jdbc.JdbcConnection.<init>(JdbcConnection.java:100)
	at org.h2.Driver.connect(Driver.java:69)
	at com.alibaba.druid.pool.DruidAbstractDataSource.createPhysicalConnection(DruidAbstractDataSource.java:1578)
	at com.alibaba.druid.pool.DruidAbstractDataSource.createPhysicalConnection(DruidAbstractDataSource.java:1644)
	at com.alibaba.druid.pool.DruidDataSource$CreateConnectionThread.run(DruidDataSource.java:2570)
Caused by: java.net.ConnectException: Connection refused: connect
	at java.net.DualStackPlainSocketImpl.waitForConnect(Native Method)
	at java.net.DualStackPlainSocketImpl.socketConnect(DualStackPlainSocketImpl.java:85)
	at java.net.AbstractPlainSocketImpl.doConnect(AbstractPlainSocketImpl.java:350)
	at java.net.AbstractPlainSocketImpl.connectToAddress(AbstractPlainSocketImpl.java:206)
	at java.net.AbstractPlainSocketImpl.connect(AbstractPlainSocketImpl.java:188)
	at java.net.PlainSocketImpl.connect(PlainSocketImpl.java:172)
	at java.net.SocksSocketImpl.connect(SocksSocketImpl.java:392)
	at java.net.Socket.connect(Socket.java:589)
	at org.h2.util.NetUtils.createSocket(NetUtils.java:123)
	at org.h2.util.NetUtils.createSocket(NetUtils.java:103)
	at org.h2.engine.SessionRemote.initTransfer(SessionRemote.java:115)
	at org.h2.engine.SessionRemote.connectServer(SessionRemote.java:453)
	... 7 common frames omitted
09:17:41.185 [Druid-ConnectionPool-Create-418731780] ERROR com.alibaba.druid.pool.DruidDataSource [line:2572] create connection SQLException, url: jdbc:h2:tcp://localhost:9092/~/test, errorCode 90067, state 90067
org.h2.jdbc.JdbcSQLException: Connection is broken: "java.net.ConnectException: Connection refused: connect: localhost:9092" [90067-195]
	at org.h2.message.DbException.getJdbcSQLException(DbException.java:345)
	at org.h2.message.DbException.get(DbException.java:168)
	at org.h2.engine.SessionRemote.connectServer(SessionRemote.java:457)
	at org.h2.engine.SessionRemote.connectEmbeddedOrServer(SessionRemote.java:334)
	at org.h2.jdbc.JdbcConnection.<init>(JdbcConnection.java:116)
	at org.h2.jdbc.JdbcConnection.<init>(JdbcConnection.java:100)
	at org.h2.Driver.connect(Driver.java:69)
	at com.alibaba.druid.pool.DruidAbstractDataSource.createPhysicalConnection(DruidAbstractDataSource.java:1578)
	at com.alibaba.druid.pool.DruidAbstractDataSource.createPhysicalConnection(DruidAbstractDataSource.java:1644)
	at com.alibaba.druid.pool.DruidDataSource$CreateConnectionThread.run(DruidDataSource.java:2570)
Caused by: java.net.ConnectException: Connection refused: connect
	at java.net.DualStackPlainSocketImpl.waitForConnect(Native Method)
	at java.net.DualStackPlainSocketImpl.socketConnect(DualStackPlainSocketImpl.java:85)
	at java.net.AbstractPlainSocketImpl.doConnect(AbstractPlainSocketImpl.java:350)
	at java.net.AbstractPlainSocketImpl.connectToAddress(AbstractPlainSocketImpl.java:206)
	at java.net.AbstractPlainSocketImpl.connect(AbstractPlainSocketImpl.java:188)
	at java.net.PlainSocketImpl.connect(PlainSocketImpl.java:172)
	at java.net.SocksSocketImpl.connect(SocksSocketImpl.java:392)
	at java.net.Socket.connect(Socket.java:589)
	at org.h2.util.NetUtils.createSocket(NetUtils.java:123)
	at org.h2.util.NetUtils.createSocket(NetUtils.java:103)
	at org.h2.engine.SessionRemote.initTransfer(SessionRemote.java:115)
	at org.h2.engine.SessionRemote.connectServer(SessionRemote.java:453)
	... 7 common frames omitted
09:19:24.906 [main] ERROR com.alibaba.druid.pool.DruidDataSource [line:1137] testWhileIdle is true, validationQuery not set
09:21:16.663 [main] ERROR com.alibaba.druid.pool.DruidDataSource [line:1137] testWhileIdle is true, validationQuery not set
09:22:10.315 [main] ERROR com.alibaba.druid.pool.DruidDataSource [line:1137] testWhileIdle is true, validationQuery not set
09:24:24.105 [http-nio-9001-exec-1] ERROR com.beyondsoft.itsm.core.advice.GlobalExceptionAdvice [line:27] 失败
09:26:04.671 [http-nio-9001-exec-9] ERROR com.beyondsoft.itsm.core.advice.GlobalExceptionAdvice [line:27] 失败
09:27:37.203 [main] ERROR com.alibaba.druid.pool.DruidDataSource [line:1137] testWhileIdle is true, validationQuery not set
10:15:25.969 [main] ERROR com.alibaba.druid.pool.DruidDataSource [line:1137] testWhileIdle is true, validationQuery not set
10:15:31.161 [main] ERROR org.springframework.boot.diagnostics.LoggingFailureAnalysisReporter [line:42] 

***************************
APPLICATION FAILED TO START
***************************

Description:

Field userService in com.beyondsoft.itsm.core.config.CxfConfig required a single bean, but 2 were found:
	- userServiceImpl: defined in file [C:\springcloud-workspace\itsm\target\classes\com\beyondsoft\itsm\modules\user\service\impl\UserServiceImpl.class]
	- IUserService: defined in file [C:\springcloud-workspace\itsm\target\classes\com\beyondsoft\itsm\modules\user\service\IUserService.class]


Action:

Consider marking one of the beans as @Primary, updating the consumer to accept multiple beans, or using @Qualifier to identify the bean that should be consumed

10:17:50.596 [main] ERROR com.alibaba.druid.pool.DruidDataSource [line:1137] testWhileIdle is true, validationQuery not set
10:17:56.121 [main] ERROR org.springframework.boot.diagnostics.LoggingFailureAnalysisReporter [line:42] 

***************************
APPLICATION FAILED TO START
***************************

Description:

Field userService in com.beyondsoft.itsm.modules.user.controller.UserController required a single bean, but 2 were found:
	- userServiceImpl: defined in file [C:\springcloud-workspace\itsm\target\classes\com\beyondsoft\itsm\modules\user\service\impl\UserServiceImpl.class]
	- IUserService: defined in file [C:\springcloud-workspace\itsm\target\classes\com\beyondsoft\itsm\modules\user\service\IUserService.class]


Action:

Consider marking one of the beans as @Primary, updating the consumer to accept multiple beans, or using @Qualifier to identify the bean that should be consumed

10:19:14.111 [main] ERROR com.alibaba.druid.pool.DruidDataSource [line:1137] testWhileIdle is true, validationQuery not set
10:19:18.427 [main] ERROR org.springframework.boot.diagnostics.LoggingFailureAnalysisReporter [line:42] 

***************************
APPLICATION FAILED TO START
***************************

Description:

Field userService in com.beyondsoft.itsm.modules.user.controller.UserController required a single bean, but 2 were found:
	- userServiceImpl: defined in file [C:\springcloud-workspace\itsm\target\classes\com\beyondsoft\itsm\modules\user\service\impl\UserServiceImpl.class]
	- IUserService: defined in file [C:\springcloud-workspace\itsm\target\classes\com\beyondsoft\itsm\modules\user\service\IUserService.class]


Action:

Consider marking one of the beans as @Primary, updating the consumer to accept multiple beans, or using @Qualifier to identify the bean that should be consumed

10:20:22.127 [main] ERROR com.alibaba.druid.pool.DruidDataSource [line:1137] testWhileIdle is true, validationQuery not set
10:20:26.754 [main] ERROR org.springframework.boot.SpringApplication [line:840] Application startup failed
org.springframework.beans.factory.BeanCreationException: Error creating bean with name 'userEndpoint' defined in class path resource [com/beyondsoft/itsm/core/config/CxfConfig.class]: Bean instantiation via factory method failed; nested exception is org.springframework.beans.BeanInstantiationException: Failed to instantiate [javax.xml.ws.Endpoint]: Factory method 'userEndpoint' threw exception; nested exception is javax.xml.ws.WebServiceException: javax.xml.ws.WebServiceException: Could not load Webservice SEI
	at org.springframework.beans.factory.support.ConstructorResolver.instantiateUsingFactoryMethod(ConstructorResolver.java:599)
	at org.springframework.beans.factory.support.AbstractAutowireCapableBeanFactory.instantiateUsingFactoryMethod(AbstractAutowireCapableBeanFactory.java:1173)
	at org.springframework.beans.factory.support.AbstractAutowireCapableBeanFactory.createBeanInstance(AbstractAutowireCapableBeanFactory.java:1067)
	at org.springframework.beans.factory.support.AbstractAutowireCapableBeanFactory.doCreateBean(AbstractAutowireCapableBeanFactory.java:513)
	at org.springframework.beans.factory.support.AbstractAutowireCapableBeanFactory.createBean(AbstractAutowireCapableBeanFactory.java:483)
	at org.springframework.beans.factory.support.AbstractBeanFactory$1.getObject(AbstractBeanFactory.java:306)
	at org.springframework.beans.factory.support.DefaultSingletonBeanRegistry.getSingleton(DefaultSingletonBeanRegistry.java:230)
	at org.springframework.beans.factory.support.AbstractBeanFactory.doGetBean(AbstractBeanFactory.java:302)
	at org.springframework.beans.factory.support.AbstractBeanFactory.getBean(AbstractBeanFactory.java:197)
	at org.springframework.beans.factory.support.DefaultListableBeanFactory.preInstantiateSingletons(DefaultListableBeanFactory.java:761)
	at org.springframework.context.support.AbstractApplicationContext.finishBeanFactoryInitialization(AbstractApplicationContext.java:867)
	at org.springframework.context.support.AbstractApplicationContext.refresh(AbstractApplicationContext.java:543)
	at org.springframework.boot.context.embedded.EmbeddedWebApplicationContext.refresh(EmbeddedWebApplicationContext.java:122)
	at org.springframework.boot.SpringApplication.refresh(SpringApplication.java:762)
	at org.springframework.boot.SpringApplication.refreshContext(SpringApplication.java:372)
	at org.springframework.boot.SpringApplication.run(SpringApplication.java:316)
	at org.springframework.boot.SpringApplication.run(SpringApplication.java:1187)
	at org.springframework.boot.SpringApplication.run(SpringApplication.java:1176)
	at com.beyondsoft.itsm.ItsmApplication.main(ItsmApplication.java:18)
Caused by: org.springframework.beans.BeanInstantiationException: Failed to instantiate [javax.xml.ws.Endpoint]: Factory method 'userEndpoint' threw exception; nested exception is javax.xml.ws.WebServiceException: javax.xml.ws.WebServiceException: Could not load Webservice SEI
	at org.springframework.beans.factory.support.SimpleInstantiationStrategy.instantiate(SimpleInstantiationStrategy.java:189)
	at org.springframework.beans.factory.support.ConstructorResolver.instantiateUsingFactoryMethod(ConstructorResolver.java:588)
	... 18 common frames omitted
Caused by: javax.xml.ws.WebServiceException: javax.xml.ws.WebServiceException: Could not load Webservice SEI
	at org.apache.cxf.jaxws.EndpointImpl.doPublish(EndpointImpl.java:375)
	at org.apache.cxf.jaxws.EndpointImpl.publish(EndpointImpl.java:255)
	at com.beyondsoft.itsm.core.config.CxfConfig.userEndpoint(CxfConfig.java:29)
	at com.beyondsoft.itsm.core.config.CxfConfig$$EnhancerBySpringCGLIB$$993b5b00.CGLIB$userEndpoint$0(<generated>)
	at com.beyondsoft.itsm.core.config.CxfConfig$$EnhancerBySpringCGLIB$$993b5b00$$FastClassBySpringCGLIB$$e70a8580.invoke(<generated>)
	at org.springframework.cglib.proxy.MethodProxy.invokeSuper(MethodProxy.java:228)
	at org.springframework.context.annotation.ConfigurationClassEnhancer$BeanMethodInterceptor.intercept(ConfigurationClassEnhancer.java:358)
	at com.beyondsoft.itsm.core.config.CxfConfig$$EnhancerBySpringCGLIB$$993b5b00.userEndpoint(<generated>)
	at sun.reflect.NativeMethodAccessorImpl.invoke0(Native Method)
	at sun.reflect.NativeMethodAccessorImpl.invoke(NativeMethodAccessorImpl.java:62)
	at sun.reflect.DelegatingMethodAccessorImpl.invoke(DelegatingMethodAccessorImpl.java:43)
	at java.lang.reflect.Method.invoke(Method.java:498)
	at org.springframework.beans.factory.support.SimpleInstantiationStrategy.instantiate(SimpleInstantiationStrategy.java:162)
	... 19 common frames omitted
Caused by: javax.xml.ws.WebServiceException: Could not load Webservice SEI
	at org.apache.cxf.jaxws.support.JaxWsImplementorInfo.initialize(JaxWsImplementorInfo.java:301)
	at org.apache.cxf.jaxws.support.JaxWsImplementorInfo.<init>(JaxWsImplementorInfo.java:60)
	at org.apache.cxf.jaxws.EndpointImpl.getServer(EndpointImpl.java:403)
	at org.apache.cxf.jaxws.EndpointImpl.doPublish(EndpointImpl.java:338)
	... 31 common frames omitted
Caused by: java.lang.ClassNotFoundException: com.beyondsoft.itsm.service.UserService
	at java.net.URLClassLoader.findClass(URLClassLoader.java:381)
	at java.lang.ClassLoader.loadClass(ClassLoader.java:424)
	at sun.misc.Launcher$AppClassLoader.loadClass(Launcher.java:338)
	at java.lang.ClassLoader.loadClass(ClassLoader.java:357)
	at org.apache.cxf.common.classloader.ClassLoaderUtils.loadClass2(ClassLoaderUtils.java:287)
	at org.apache.cxf.common.classloader.ClassLoaderUtils.loadClass(ClassLoaderUtils.java:258)
	at org.apache.cxf.jaxws.support.JaxWsImplementorInfo.initialize(JaxWsImplementorInfo.java:299)
	... 34 common frames omitted
10:23:13.685 [main] ERROR com.alibaba.druid.pool.DruidDataSource [line:1137] testWhileIdle is true, validationQuery not set
11:04:45.230 [main] ERROR com.alibaba.druid.pool.DruidDataSource [line:1137] testWhileIdle is true, validationQuery not set
15:09:03.184 [main] ERROR com.alibaba.druid.pool.DruidDataSource [line:1137] testWhileIdle is true, validationQuery not set
16:41:45.200 [http-nio-9001-exec-1] ERROR com.beyondsoft.itsm.core.advice.GlobalExceptionAdvice [line:27] Optional int parameter 'currentPage' is present but cannot be translated into a null value due to being declared as a primitive type. Consider declaring it as object wrapper for the corresponding primitive type.
16:54:41.109 [main] ERROR org.springframework.boot.diagnostics.LoggingFailureAnalysisReporter [line:42] 

***************************
APPLICATION FAILED TO START
***************************

Description:

Field userService in com.beyondsoft.itsm.modules.user.controller.UserController required a single bean, but 2 were found:
	- userServiceImpl: defined in file [C:\springcloud-workspace\itsm\target\classes\com\beyondsoft\itsm\modules\user\service\impl\UserServiceImpl.class]
	- IUserService: defined in file [C:\springcloud-workspace\itsm\target\classes\com\beyondsoft\itsm\modules\user\service\IUserService.class]


Action:

Consider marking one of the beans as @Primary, updating the consumer to accept multiple beans, or using @Qualifier to identify the bean that should be consumed

16:56:06.590 [main] ERROR org.springframework.boot.diagnostics.LoggingFailureAnalysisReporter [line:42] 

***************************
APPLICATION FAILED TO START
***************************

Description:

Field userService in com.beyondsoft.itsm.modules.user.controller.UserController required a single bean, but 2 were found:
	- userServiceImpl: defined in file [C:\springcloud-workspace\itsm\target\classes\com\beyondsoft\itsm\modules\user\service\impl\UserServiceImpl.class]
	- IUserService: defined in file [C:\springcloud-workspace\itsm\target\classes\com\beyondsoft\itsm\modules\user\service\IUserService.class]


Action:

Consider marking one of the beans as @Primary, updating the consumer to accept multiple beans, or using @Qualifier to identify the bean that should be consumed

16:56:45.285 [main] ERROR org.springframework.boot.diagnostics.LoggingFailureAnalysisReporter [line:42] 

***************************
APPLICATION FAILED TO START
***************************

Description:

Field userService in com.beyondsoft.itsm.modules.user.controller.UserController required a single bean, but 2 were found:
	- userServiceImpl: defined in file [C:\springcloud-workspace\itsm\target\classes\com\beyondsoft\itsm\modules\user\service\impl\UserServiceImpl.class]
	- IUserService: defined in file [C:\springcloud-workspace\itsm\target\classes\com\beyondsoft\itsm\modules\user\service\IUserService.class]


Action:

Consider marking one of the beans as @Primary, updating the consumer to accept multiple beans, or using @Qualifier to identify the bean that should be consumed

16:58:12.224 [main] ERROR org.springframework.boot.diagnostics.LoggingFailureAnalysisReporter [line:42] 

***************************
APPLICATION FAILED TO START
***************************

Description:

Field userService in com.beyondsoft.itsm.modules.user.controller.UserController required a single bean, but 2 were found:
	- userServiceImpl: defined in file [C:\springcloud-workspace\itsm\target\classes\com\beyondsoft\itsm\modules\user\service\impl\UserServiceImpl.class]
	- IUserService: defined in file [C:\springcloud-workspace\itsm\target\classes\com\beyondsoft\itsm\modules\user\service\IUserService.class]


Action:

Consider marking one of the beans as @Primary, updating the consumer to accept multiple beans, or using @Qualifier to identify the bean that should be consumed

16:59:08.755 [main] ERROR org.springframework.boot.diagnostics.LoggingFailureAnalysisReporter [line:42] 

***************************
APPLICATION FAILED TO START
***************************

Description:

Field userService in com.beyondsoft.itsm.modules.user.controller.UserController required a single bean, but 2 were found:
	- userServiceImpl: defined in file [C:\springcloud-workspace\itsm\target\classes\com\beyondsoft\itsm\modules\user\service\impl\UserServiceImpl.class]
	- IUserService: defined in file [C:\springcloud-workspace\itsm\target\classes\com\beyondsoft\itsm\modules\user\service\IUserService.class]


Action:

Consider marking one of the beans as @Primary, updating the consumer to accept multiple beans, or using @Qualifier to identify the bean that should be consumed

17:20:01.421 [Druid-ConnectionPool-Create-1985828309] ERROR com.alibaba.druid.pool.DruidDataSource [line:2572] create connection SQLException, url: jdbc:h2:tcp://localhost:9092/~/test, errorCode 90067, state 90067
org.h2.jdbc.JdbcSQLException: Connection is broken: "java.net.ConnectException: Connection refused: connect: localhost:9092" [90067-195]
	at org.h2.message.DbException.getJdbcSQLException(DbException.java:345)
	at org.h2.message.DbException.get(DbException.java:168)
	at org.h2.engine.SessionRemote.connectServer(SessionRemote.java:457)
	at org.h2.engine.SessionRemote.connectEmbeddedOrServer(SessionRemote.java:334)
	at org.h2.jdbc.JdbcConnection.<init>(JdbcConnection.java:116)
	at org.h2.jdbc.JdbcConnection.<init>(JdbcConnection.java:100)
	at org.h2.Driver.connect(Driver.java:69)
	at com.alibaba.druid.pool.DruidAbstractDataSource.createPhysicalConnection(DruidAbstractDataSource.java:1578)
	at com.alibaba.druid.pool.DruidAbstractDataSource.createPhysicalConnection(DruidAbstractDataSource.java:1644)
	at com.alibaba.druid.pool.DruidDataSource$CreateConnectionThread.run(DruidDataSource.java:2570)
Caused by: java.net.ConnectException: Connection refused: connect
	at java.net.DualStackPlainSocketImpl.waitForConnect(Native Method)
	at java.net.DualStackPlainSocketImpl.socketConnect(DualStackPlainSocketImpl.java:85)
	at java.net.AbstractPlainSocketImpl.doConnect(AbstractPlainSocketImpl.java:350)
	at java.net.AbstractPlainSocketImpl.connectToAddress(AbstractPlainSocketImpl.java:206)
	at java.net.AbstractPlainSocketImpl.connect(AbstractPlainSocketImpl.java:188)
	at java.net.PlainSocketImpl.connect(PlainSocketImpl.java:172)
	at java.net.SocksSocketImpl.connect(SocksSocketImpl.java:392)
	at java.net.Socket.connect(Socket.java:589)
	at org.h2.util.NetUtils.createSocket(NetUtils.java:123)
	at org.h2.util.NetUtils.createSocket(NetUtils.java:103)
	at org.h2.engine.SessionRemote.initTransfer(SessionRemote.java:115)
	at org.h2.engine.SessionRemote.connectServer(SessionRemote.java:453)
	... 7 common frames omitted
17:20:03.428 [Druid-ConnectionPool-Create-1985828309] ERROR com.alibaba.druid.pool.DruidDataSource [line:2572] create connection SQLException, url: jdbc:h2:tcp://localhost:9092/~/test, errorCode 90067, state 90067
org.h2.jdbc.JdbcSQLException: Connection is broken: "java.net.ConnectException: Connection refused: connect: localhost:9092" [90067-195]
	at org.h2.message.DbException.getJdbcSQLException(DbException.java:345)
	at org.h2.message.DbException.get(DbException.java:168)
	at org.h2.engine.SessionRemote.connectServer(SessionRemote.java:457)
	at org.h2.engine.SessionRemote.connectEmbeddedOrServer(SessionRemote.java:334)
	at org.h2.jdbc.JdbcConnection.<init>(JdbcConnection.java:116)
	at org.h2.jdbc.JdbcConnection.<init>(JdbcConnection.java:100)
	at org.h2.Driver.connect(Driver.java:69)
	at com.alibaba.druid.pool.DruidAbstractDataSource.createPhysicalConnection(DruidAbstractDataSource.java:1578)
	at com.alibaba.druid.pool.DruidAbstractDataSource.createPhysicalConnection(DruidAbstractDataSource.java:1644)
	at com.alibaba.druid.pool.DruidDataSource$CreateConnectionThread.run(DruidDataSource.java:2570)
Caused by: java.net.ConnectException: Connection refused: connect
	at java.net.DualStackPlainSocketImpl.waitForConnect(Native Method)
	at java.net.DualStackPlainSocketImpl.socketConnect(DualStackPlainSocketImpl.java:85)
	at java.net.AbstractPlainSocketImpl.doConnect(AbstractPlainSocketImpl.java:350)
	at java.net.AbstractPlainSocketImpl.connectToAddress(AbstractPlainSocketImpl.java:206)
	at java.net.AbstractPlainSocketImpl.connect(AbstractPlainSocketImpl.java:188)
	at java.net.PlainSocketImpl.connect(PlainSocketImpl.java:172)
	at java.net.SocksSocketImpl.connect(SocksSocketImpl.java:392)
	at java.net.Socket.connect(Socket.java:589)
	at org.h2.util.NetUtils.createSocket(NetUtils.java:123)
	at org.h2.util.NetUtils.createSocket(NetUtils.java:103)
	at org.h2.engine.SessionRemote.initTransfer(SessionRemote.java:115)
	at org.h2.engine.SessionRemote.connectServer(SessionRemote.java:453)
	... 7 common frames omitted
17:20:05.947 [Druid-ConnectionPool-Create-1985828309] ERROR com.alibaba.druid.pool.DruidDataSource [line:2572] create connection SQLException, url: jdbc:h2:tcp://localhost:9092/~/test, errorCode 90067, state 90067
org.h2.jdbc.JdbcSQLException: Connection is broken: "java.net.ConnectException: Connection refused: connect: localhost:9092" [90067-195]
	at org.h2.message.DbException.getJdbcSQLException(DbException.java:345)
	at org.h2.message.DbException.get(DbException.java:168)
	at org.h2.engine.SessionRemote.connectServer(SessionRemote.java:457)
	at org.h2.engine.SessionRemote.connectEmbeddedOrServer(SessionRemote.java:334)
	at org.h2.jdbc.JdbcConnection.<init>(JdbcConnection.java:116)
	at org.h2.jdbc.JdbcConnection.<init>(JdbcConnection.java:100)
	at org.h2.Driver.connect(Driver.java:69)
	at com.alibaba.druid.pool.DruidAbstractDataSource.createPhysicalConnection(DruidAbstractDataSource.java:1578)
	at com.alibaba.druid.pool.DruidAbstractDataSource.createPhysicalConnection(DruidAbstractDataSource.java:1644)
	at com.alibaba.druid.pool.DruidDataSource$CreateConnectionThread.run(DruidDataSource.java:2570)
Caused by: java.net.ConnectException: Connection refused: connect
	at java.net.DualStackPlainSocketImpl.waitForConnect(Native Method)
	at java.net.DualStackPlainSocketImpl.socketConnect(DualStackPlainSocketImpl.java:85)
	at java.net.AbstractPlainSocketImpl.doConnect(AbstractPlainSocketImpl.java:350)
	at java.net.AbstractPlainSocketImpl.connectToAddress(AbstractPlainSocketImpl.java:206)
	at java.net.AbstractPlainSocketImpl.connect(AbstractPlainSocketImpl.java:188)
	at java.net.PlainSocketImpl.connect(PlainSocketImpl.java:172)
	at java.net.SocksSocketImpl.connect(SocksSocketImpl.java:392)
	at java.net.Socket.connect(Socket.java:589)
	at org.h2.util.NetUtils.createSocket(NetUtils.java:123)
	at org.h2.util.NetUtils.createSocket(NetUtils.java:103)
	at org.h2.engine.SessionRemote.initTransfer(SessionRemote.java:115)
	at org.h2.engine.SessionRemote.connectServer(SessionRemote.java:453)
	... 7 common frames omitted
17:20:08.466 [Druid-ConnectionPool-Create-1985828309] ERROR com.alibaba.druid.pool.DruidDataSource [line:2572] create connection SQLException, url: jdbc:h2:tcp://localhost:9092/~/test, errorCode 90067, state 90067
org.h2.jdbc.JdbcSQLException: Connection is broken: "java.net.ConnectException: Connection refused: connect: localhost:9092" [90067-195]
	at org.h2.message.DbException.getJdbcSQLException(DbException.java:345)
	at org.h2.message.DbException.get(DbException.java:168)
	at org.h2.engine.SessionRemote.connectServer(SessionRemote.java:457)
	at org.h2.engine.SessionRemote.connectEmbeddedOrServer(SessionRemote.java:334)
	at org.h2.jdbc.JdbcConnection.<init>(JdbcConnection.java:116)
	at org.h2.jdbc.JdbcConnection.<init>(JdbcConnection.java:100)
	at org.h2.Driver.connect(Driver.java:69)
	at com.alibaba.druid.pool.DruidAbstractDataSource.createPhysicalConnection(DruidAbstractDataSource.java:1578)
	at com.alibaba.druid.pool.DruidAbstractDataSource.createPhysicalConnection(DruidAbstractDataSource.java:1644)
	at com.alibaba.druid.pool.DruidDataSource$CreateConnectionThread.run(DruidDataSource.java:2570)
Caused by: java.net.ConnectException: Connection refused: connect
	at java.net.DualStackPlainSocketImpl.waitForConnect(Native Method)
	at java.net.DualStackPlainSocketImpl.socketConnect(DualStackPlainSocketImpl.java:85)
	at java.net.AbstractPlainSocketImpl.doConnect(AbstractPlainSocketImpl.java:350)
	at java.net.AbstractPlainSocketImpl.connectToAddress(AbstractPlainSocketImpl.java:206)
	at java.net.AbstractPlainSocketImpl.connect(AbstractPlainSocketImpl.java:188)
	at java.net.PlainSocketImpl.connect(PlainSocketImpl.java:172)
	at java.net.SocksSocketImpl.connect(SocksSocketImpl.java:392)
	at java.net.Socket.connect(Socket.java:589)
	at org.h2.util.NetUtils.createSocket(NetUtils.java:123)
	at org.h2.util.NetUtils.createSocket(NetUtils.java:103)
	at org.h2.engine.SessionRemote.initTransfer(SessionRemote.java:115)
	at org.h2.engine.SessionRemote.connectServer(SessionRemote.java:453)
	... 7 common frames omitted
17:20:10.973 [Druid-ConnectionPool-Create-1985828309] ERROR com.alibaba.druid.pool.DruidDataSource [line:2572] create connection SQLException, url: jdbc:h2:tcp://localhost:9092/~/test, errorCode 90067, state 90067
org.h2.jdbc.JdbcSQLException: Connection is broken: "java.net.ConnectException: Connection refused: connect: localhost:9092" [90067-195]
	at org.h2.message.DbException.getJdbcSQLException(DbException.java:345)
	at org.h2.message.DbException.get(DbException.java:168)
	at org.h2.engine.SessionRemote.connectServer(SessionRemote.java:457)
	at org.h2.engine.SessionRemote.connectEmbeddedOrServer(SessionRemote.java:334)
	at org.h2.jdbc.JdbcConnection.<init>(JdbcConnection.java:116)
	at org.h2.jdbc.JdbcConnection.<init>(JdbcConnection.java:100)
	at org.h2.Driver.connect(Driver.java:69)
	at com.alibaba.druid.pool.DruidAbstractDataSource.createPhysicalConnection(DruidAbstractDataSource.java:1578)
	at com.alibaba.druid.pool.DruidAbstractDataSource.createPhysicalConnection(DruidAbstractDataSource.java:1644)
	at com.alibaba.druid.pool.DruidDataSource$CreateConnectionThread.run(DruidDataSource.java:2570)
Caused by: java.net.ConnectException: Connection refused: connect
	at java.net.DualStackPlainSocketImpl.waitForConnect(Native Method)
	at java.net.DualStackPlainSocketImpl.socketConnect(DualStackPlainSocketImpl.java:85)
	at java.net.AbstractPlainSocketImpl.doConnect(AbstractPlainSocketImpl.java:350)
	at java.net.AbstractPlainSocketImpl.connectToAddress(AbstractPlainSocketImpl.java:206)
	at java.net.AbstractPlainSocketImpl.connect(AbstractPlainSocketImpl.java:188)
	at java.net.PlainSocketImpl.connect(PlainSocketImpl.java:172)
	at java.net.SocksSocketImpl.connect(SocksSocketImpl.java:392)
	at java.net.Socket.connect(Socket.java:589)
	at org.h2.util.NetUtils.createSocket(NetUtils.java:123)
	at org.h2.util.NetUtils.createSocket(NetUtils.java:103)
	at org.h2.engine.SessionRemote.initTransfer(SessionRemote.java:115)
	at org.h2.engine.SessionRemote.connectServer(SessionRemote.java:453)
	... 7 common frames omitted
17:20:13.493 [Druid-ConnectionPool-Create-1985828309] ERROR com.alibaba.druid.pool.DruidDataSource [line:2572] create connection SQLException, url: jdbc:h2:tcp://localhost:9092/~/test, errorCode 90067, state 90067
org.h2.jdbc.JdbcSQLException: Connection is broken: "java.net.ConnectException: Connection refused: connect: localhost:9092" [90067-195]
	at org.h2.message.DbException.getJdbcSQLException(DbException.java:345)
	at org.h2.message.DbException.get(DbException.java:168)
	at org.h2.engine.SessionRemote.connectServer(SessionRemote.java:457)
	at org.h2.engine.SessionRemote.connectEmbeddedOrServer(SessionRemote.java:334)
	at org.h2.jdbc.JdbcConnection.<init>(JdbcConnection.java:116)
	at org.h2.jdbc.JdbcConnection.<init>(JdbcConnection.java:100)
	at org.h2.Driver.connect(Driver.java:69)
	at com.alibaba.druid.pool.DruidAbstractDataSource.createPhysicalConnection(DruidAbstractDataSource.java:1578)
	at com.alibaba.druid.pool.DruidAbstractDataSource.createPhysicalConnection(DruidAbstractDataSource.java:1644)
	at com.alibaba.druid.pool.DruidDataSource$CreateConnectionThread.run(DruidDataSource.java:2570)
Caused by: java.net.ConnectException: Connection refused: connect
	at java.net.DualStackPlainSocketImpl.waitForConnect(Native Method)
	at java.net.DualStackPlainSocketImpl.socketConnect(DualStackPlainSocketImpl.java:85)
	at java.net.AbstractPlainSocketImpl.doConnect(AbstractPlainSocketImpl.java:350)
	at java.net.AbstractPlainSocketImpl.connectToAddress(AbstractPlainSocketImpl.java:206)
	at java.net.AbstractPlainSocketImpl.connect(AbstractPlainSocketImpl.java:188)
	at java.net.PlainSocketImpl.connect(PlainSocketImpl.java:172)
	at java.net.SocksSocketImpl.connect(SocksSocketImpl.java:392)
	at java.net.Socket.connect(Socket.java:589)
	at org.h2.util.NetUtils.createSocket(NetUtils.java:123)
	at org.h2.util.NetUtils.createSocket(NetUtils.java:103)
	at org.h2.engine.SessionRemote.initTransfer(SessionRemote.java:115)
	at org.h2.engine.SessionRemote.connectServer(SessionRemote.java:453)
	... 7 common frames omitted
17:20:16.012 [Druid-ConnectionPool-Create-1985828309] ERROR com.alibaba.druid.pool.DruidDataSource [line:2572] create connection SQLException, url: jdbc:h2:tcp://localhost:9092/~/test, errorCode 90067, state 90067
org.h2.jdbc.JdbcSQLException: Connection is broken: "java.net.ConnectException: Connection refused: connect: localhost:9092" [90067-195]
	at org.h2.message.DbException.getJdbcSQLException(DbException.java:345)
	at org.h2.message.DbException.get(DbException.java:168)
	at org.h2.engine.SessionRemote.connectServer(SessionRemote.java:457)
	at org.h2.engine.SessionRemote.connectEmbeddedOrServer(SessionRemote.java:334)
	at org.h2.jdbc.JdbcConnection.<init>(JdbcConnection.java:116)
	at org.h2.jdbc.JdbcConnection.<init>(JdbcConnection.java:100)
	at org.h2.Driver.connect(Driver.java:69)
	at com.alibaba.druid.pool.DruidAbstractDataSource.createPhysicalConnection(DruidAbstractDataSource.java:1578)
	at com.alibaba.druid.pool.DruidAbstractDataSource.createPhysicalConnection(DruidAbstractDataSource.java:1644)
	at com.alibaba.druid.pool.DruidDataSource$CreateConnectionThread.run(DruidDataSource.java:2570)
Caused by: java.net.ConnectException: Connection refused: connect
	at java.net.DualStackPlainSocketImpl.waitForConnect(Native Method)
	at java.net.DualStackPlainSocketImpl.socketConnect(DualStackPlainSocketImpl.java:85)
	at java.net.AbstractPlainSocketImpl.doConnect(AbstractPlainSocketImpl.java:350)
	at java.net.AbstractPlainSocketImpl.connectToAddress(AbstractPlainSocketImpl.java:206)
	at java.net.AbstractPlainSocketImpl.connect(AbstractPlainSocketImpl.java:188)
	at java.net.PlainSocketImpl.connect(PlainSocketImpl.java:172)
	at java.net.SocksSocketImpl.connect(SocksSocketImpl.java:392)
	at java.net.Socket.connect(Socket.java:589)
	at org.h2.util.NetUtils.createSocket(NetUtils.java:123)
	at org.h2.util.NetUtils.createSocket(NetUtils.java:103)
	at org.h2.engine.SessionRemote.initTransfer(SessionRemote.java:115)
	at org.h2.engine.SessionRemote.connectServer(SessionRemote.java:453)
	... 7 common frames omitted
17:20:18.527 [Druid-ConnectionPool-Create-1985828309] ERROR com.alibaba.druid.pool.DruidDataSource [line:2572] create connection SQLException, url: jdbc:h2:tcp://localhost:9092/~/test, errorCode 90067, state 90067
org.h2.jdbc.JdbcSQLException: Connection is broken: "java.net.ConnectException: Connection refused: connect: localhost:9092" [90067-195]
	at org.h2.message.DbException.getJdbcSQLException(DbException.java:345)
	at org.h2.message.DbException.get(DbException.java:168)
	at org.h2.engine.SessionRemote.connectServer(SessionRemote.java:457)
	at org.h2.engine.SessionRemote.connectEmbeddedOrServer(SessionRemote.java:334)
	at org.h2.jdbc.JdbcConnection.<init>(JdbcConnection.java:116)
	at org.h2.jdbc.JdbcConnection.<init>(JdbcConnection.java:100)
	at org.h2.Driver.connect(Driver.java:69)
	at com.alibaba.druid.pool.DruidAbstractDataSource.createPhysicalConnection(DruidAbstractDataSource.java:1578)
	at com.alibaba.druid.pool.DruidAbstractDataSource.createPhysicalConnection(DruidAbstractDataSource.java:1644)
	at com.alibaba.druid.pool.DruidDataSource$CreateConnectionThread.run(DruidDataSource.java:2570)
Caused by: java.net.ConnectException: Connection refused: connect
	at java.net.DualStackPlainSocketImpl.waitForConnect(Native Method)
	at java.net.DualStackPlainSocketImpl.socketConnect(DualStackPlainSocketImpl.java:85)
	at java.net.AbstractPlainSocketImpl.doConnect(AbstractPlainSocketImpl.java:350)
	at java.net.AbstractPlainSocketImpl.connectToAddress(AbstractPlainSocketImpl.java:206)
	at java.net.AbstractPlainSocketImpl.connect(AbstractPlainSocketImpl.java:188)
	at java.net.PlainSocketImpl.connect(PlainSocketImpl.java:172)
	at java.net.SocksSocketImpl.connect(SocksSocketImpl.java:392)
	at java.net.Socket.connect(Socket.java:589)
	at org.h2.util.NetUtils.createSocket(NetUtils.java:123)
	at org.h2.util.NetUtils.createSocket(NetUtils.java:103)
	at org.h2.engine.SessionRemote.initTransfer(SessionRemote.java:115)
	at org.h2.engine.SessionRemote.connectServer(SessionRemote.java:453)
	... 7 common frames omitted
17:20:19.412 [main] ERROR org.springframework.boot.SpringApplication [line:840] Application startup failed
org.springframework.beans.factory.UnsatisfiedDependencyException: Error creating bean with name 'org.springframework.boot.autoconfigure.orm.jpa.HibernateJpaAutoConfiguration': Unsatisfied dependency expressed through constructor parameter 0; nested exception is org.springframework.beans.factory.BeanCreationException: Error creating bean with name 'duridDataSource' defined in class path resource [com/beyondsoft/itsm/core/autoconfig/DruidAutoConfiguration.class]: Initialization of bean failed; nested exception is org.springframework.beans.factory.BeanCreationException: Error creating bean with name 'dataSourceInitializer': Invocation of init method failed; nested exception is org.springframework.jdbc.datasource.init.UncategorizedScriptException: Failed to execute database script; nested exception is org.springframework.jdbc.CannotGetJdbcConnectionException: Could not get JDBC Connection; nested exception is com.alibaba.druid.pool.GetConnectionTimeoutException: wait millis 10000, active 0, maxActive 100, creating 1, createElapseMillis 302, createErrorCount 8
	at org.springframework.beans.factory.support.ConstructorResolver.createArgumentArray(ConstructorResolver.java:749)
	at org.springframework.beans.factory.support.ConstructorResolver.autowireConstructor(ConstructorResolver.java:189)
	at org.springframework.beans.factory.support.AbstractAutowireCapableBeanFactory.autowireConstructor(AbstractAutowireCapableBeanFactory.java:1193)
	at org.springframework.beans.factory.support.AbstractAutowireCapableBeanFactory.createBeanInstance(AbstractAutowireCapableBeanFactory.java:1095)
	at org.springframework.beans.factory.support.AbstractAutowireCapableBeanFactory.doCreateBean(AbstractAutowireCapableBeanFactory.java:513)
	at org.springframework.beans.factory.support.AbstractAutowireCapableBeanFactory.createBean(AbstractAutowireCapableBeanFactory.java:483)
	at org.springframework.beans.factory.support.AbstractBeanFactory$1.getObject(AbstractBeanFactory.java:306)
	at org.springframework.beans.factory.support.DefaultSingletonBeanRegistry.getSingleton(DefaultSingletonBeanRegistry.java:230)
	at org.springframework.beans.factory.support.AbstractBeanFactory.doGetBean(AbstractBeanFactory.java:302)
	at org.springframework.beans.factory.support.AbstractBeanFactory.getBean(AbstractBeanFactory.java:197)
	at org.springframework.beans.factory.support.ConstructorResolver.instantiateUsingFactoryMethod(ConstructorResolver.java:372)
	at org.springframework.beans.factory.support.AbstractAutowireCapableBeanFactory.instantiateUsingFactoryMethod(AbstractAutowireCapableBeanFactory.java:1173)
	at org.springframework.beans.factory.support.AbstractAutowireCapableBeanFactory.createBeanInstance(AbstractAutowireCapableBeanFactory.java:1067)
	at org.springframework.beans.factory.support.AbstractAutowireCapableBeanFactory.doCreateBean(AbstractAutowireCapableBeanFactory.java:513)
	at org.springframework.beans.factory.support.AbstractAutowireCapableBeanFactory.createBean(AbstractAutowireCapableBeanFactory.java:483)
	at org.springframework.beans.factory.support.AbstractBeanFactory$1.getObject(AbstractBeanFactory.java:306)
	at org.springframework.beans.factory.support.DefaultSingletonBeanRegistry.getSingleton(DefaultSingletonBeanRegistry.java:230)
	at org.springframework.beans.factory.support.AbstractBeanFactory.doGetBean(AbstractBeanFactory.java:302)
	at org.springframework.beans.factory.support.AbstractBeanFactory.getBean(AbstractBeanFactory.java:197)
	at org.springframework.context.support.AbstractApplicationContext.getBean(AbstractApplicationContext.java:1078)
	at org.springframework.context.support.AbstractApplicationContext.finishBeanFactoryInitialization(AbstractApplicationContext.java:857)
	at org.springframework.context.support.AbstractApplicationContext.refresh(AbstractApplicationContext.java:543)
	at org.springframework.boot.context.embedded.EmbeddedWebApplicationContext.refresh(EmbeddedWebApplicationContext.java:122)
	at org.springframework.boot.SpringApplication.refresh(SpringApplication.java:762)
	at org.springframework.boot.SpringApplication.refreshContext(SpringApplication.java:372)
	at org.springframework.boot.SpringApplication.run(SpringApplication.java:316)
	at org.springframework.boot.SpringApplication.run(SpringApplication.java:1187)
	at org.springframework.boot.SpringApplication.run(SpringApplication.java:1176)
	at com.beyondsoft.itsm.ItsmApplication.main(ItsmApplication.java:18)
Caused by: org.springframework.beans.factory.BeanCreationException: Error creating bean with name 'duridDataSource' defined in class path resource [com/beyondsoft/itsm/core/autoconfig/DruidAutoConfiguration.class]: Initialization of bean failed; nested exception is org.springframework.beans.factory.BeanCreationException: Error creating bean with name 'dataSourceInitializer': Invocation of init method failed; nested exception is org.springframework.jdbc.datasource.init.UncategorizedScriptException: Failed to execute database script; nested exception is org.springframework.jdbc.CannotGetJdbcConnectionException: Could not get JDBC Connection; nested exception is com.alibaba.druid.pool.GetConnectionTimeoutException: wait millis 10000, active 0, maxActive 100, creating 1, createElapseMillis 302, createErrorCount 8
	at org.springframework.beans.factory.support.AbstractAutowireCapableBeanFactory.doCreateBean(AbstractAutowireCapableBeanFactory.java:564)
	at org.springframework.beans.factory.support.AbstractAutowireCapableBeanFactory.createBean(AbstractAutowireCapableBeanFactory.java:483)
	at org.springframework.beans.factory.support.AbstractBeanFactory$1.getObject(AbstractBeanFactory.java:306)
	at org.springframework.beans.factory.support.DefaultSingletonBeanRegistry.getSingleton(DefaultSingletonBeanRegistry.java:230)
	at org.springframework.beans.factory.support.AbstractBeanFactory.doGetBean(AbstractBeanFactory.java:302)
	at org.springframework.beans.factory.support.AbstractBeanFactory.getBean(AbstractBeanFactory.java:202)
	at org.springframework.beans.factory.config.DependencyDescriptor.resolveCandidate(DependencyDescriptor.java:208)
	at org.springframework.beans.factory.support.DefaultListableBeanFactory.doResolveDependency(DefaultListableBeanFactory.java:1138)
	at org.springframework.beans.factory.support.DefaultListableBeanFactory.resolveDependency(DefaultListableBeanFactory.java:1066)
	at org.springframework.beans.factory.support.ConstructorResolver.resolveAutowiredArgument(ConstructorResolver.java:835)
	at org.springframework.beans.factory.support.ConstructorResolver.createArgumentArray(ConstructorResolver.java:741)
	... 28 common frames omitted
Caused by: org.springframework.beans.factory.BeanCreationException: Error creating bean with name 'dataSourceInitializer': Invocation of init method failed; nested exception is org.springframework.jdbc.datasource.init.UncategorizedScriptException: Failed to execute database script; nested exception is org.springframework.jdbc.CannotGetJdbcConnectionException: Could not get JDBC Connection; nested exception is com.alibaba.druid.pool.GetConnectionTimeoutException: wait millis 10000, active 0, maxActive 100, creating 1, createElapseMillis 302, createErrorCount 8
	at org.springframework.beans.factory.annotation.InitDestroyAnnotationBeanPostProcessor.postProcessBeforeInitialization(InitDestroyAnnotationBeanPostProcessor.java:137)
	at org.springframework.beans.factory.support.AbstractAutowireCapableBeanFactory.applyBeanPostProcessorsBeforeInitialization(AbstractAutowireCapableBeanFactory.java:409)
	at org.springframework.beans.factory.support.AbstractAutowireCapableBeanFactory.initializeBean(AbstractAutowireCapableBeanFactory.java:1620)
	at org.springframework.beans.factory.support.AbstractAutowireCapableBeanFactory.doCreateBean(AbstractAutowireCapableBeanFactory.java:555)
	at org.springframework.beans.factory.support.AbstractAutowireCapableBeanFactory.createBean(AbstractAutowireCapableBeanFactory.java:483)
	at org.springframework.beans.factory.support.AbstractBeanFactory$1.getObject(AbstractBeanFactory.java:306)
	at org.springframework.beans.factory.support.DefaultSingletonBeanRegistry.getSingleton(DefaultSingletonBeanRegistry.java:230)
	at org.springframework.beans.factory.support.AbstractBeanFactory.doGetBean(AbstractBeanFactory.java:302)
	at org.springframework.beans.factory.support.AbstractBeanFactory.getBean(AbstractBeanFactory.java:220)
	at org.springframework.beans.factory.support.DefaultListableBeanFactory.resolveNamedBean(DefaultListableBeanFactory.java:1018)
	at org.springframework.beans.factory.support.DefaultListableBeanFactory.getBean(DefaultListableBeanFactory.java:345)
	at org.springframework.beans.factory.support.DefaultListableBeanFactory.getBean(DefaultListableBeanFactory.java:340)
	at org.springframework.boot.autoconfigure.jdbc.DataSourceInitializerPostProcessor.postProcessAfterInitialization(DataSourceInitializerPostProcessor.java:62)
	at org.springframework.beans.factory.support.AbstractAutowireCapableBeanFactory.applyBeanPostProcessorsAfterInitialization(AbstractAutowireCapableBeanFactory.java:423)
	at org.springframework.beans.factory.support.AbstractAutowireCapableBeanFactory.initializeBean(AbstractAutowireCapableBeanFactory.java:1633)
	at org.springframework.beans.factory.support.AbstractAutowireCapableBeanFactory.doCreateBean(AbstractAutowireCapableBeanFactory.java:555)
	... 38 common frames omitted
Caused by: org.springframework.jdbc.datasource.init.UncategorizedScriptException: Failed to execute database script; nested exception is org.springframework.jdbc.CannotGetJdbcConnectionException: Could not get JDBC Connection; nested exception is com.alibaba.druid.pool.GetConnectionTimeoutException: wait millis 10000, active 0, maxActive 100, creating 1, createElapseMillis 302, createErrorCount 8
	at org.springframework.jdbc.datasource.init.DatabasePopulatorUtils.execute(DatabasePopulatorUtils.java:60)
	at org.springframework.boot.autoconfigure.jdbc.DataSourceInitializer.runScripts(DataSourceInitializer.java:176)
	at org.springframework.boot.autoconfigure.jdbc.DataSourceInitializer.runSchemaScripts(DataSourceInitializer.java:85)
	at org.springframework.boot.autoconfigure.jdbc.DataSourceInitializer.init(DataSourceInitializer.java:77)
	at sun.reflect.NativeMethodAccessorImpl.invoke0(Native Method)
	at sun.reflect.NativeMethodAccessorImpl.invoke(NativeMethodAccessorImpl.java:62)
	at sun.reflect.DelegatingMethodAccessorImpl.invoke(DelegatingMethodAccessorImpl.java:43)
	at java.lang.reflect.Method.invoke(Method.java:498)
	at org.springframework.beans.factory.annotation.InitDestroyAnnotationBeanPostProcessor$LifecycleElement.invoke(InitDestroyAnnotationBeanPostProcessor.java:366)
	at org.springframework.beans.factory.annotation.InitDestroyAnnotationBeanPostProcessor$LifecycleMetadata.invokeInitMethods(InitDestroyAnnotationBeanPostProcessor.java:311)
	at org.springframework.beans.factory.annotation.InitDestroyAnnotationBeanPostProcessor.postProcessBeforeInitialization(InitDestroyAnnotationBeanPostProcessor.java:134)
	... 53 common frames omitted
Caused by: org.springframework.jdbc.CannotGetJdbcConnectionException: Could not get JDBC Connection; nested exception is com.alibaba.druid.pool.GetConnectionTimeoutException: wait millis 10000, active 0, maxActive 100, creating 1, createElapseMillis 302, createErrorCount 8
	at org.springframework.jdbc.datasource.DataSourceUtils.getConnection(DataSourceUtils.java:80)
	at org.springframework.jdbc.datasource.init.DatabasePopulatorUtils.execute(DatabasePopulatorUtils.java:46)
	... 63 common frames omitted
Caused by: com.alibaba.druid.pool.GetConnectionTimeoutException: wait millis 10000, active 0, maxActive 100, creating 1, createElapseMillis 302, createErrorCount 8
	at com.alibaba.druid.pool.DruidDataSource.getConnectionInternal(DruidDataSource.java:1599)
	at com.alibaba.druid.pool.DruidDataSource.getConnectionDirect(DruidDataSource.java:1326)
	at com.alibaba.druid.pool.DruidDataSource.getConnection(DruidDataSource.java:1306)
	at com.alibaba.druid.pool.DruidDataSource.getConnection(DruidDataSource.java:1296)
	at com.alibaba.druid.pool.DruidDataSource.getConnection(DruidDataSource.java:109)
	at org.springframework.jdbc.datasource.DataSourceUtils.doGetConnection(DataSourceUtils.java:111)
	at org.springframework.jdbc.datasource.DataSourceUtils.getConnection(DataSourceUtils.java:77)
	... 64 common frames omitted
Caused by: org.h2.jdbc.JdbcSQLException: Connection is broken: "java.net.ConnectException: Connection refused: connect: localhost:9092" [90067-195]
	at org.h2.message.DbException.getJdbcSQLException(DbException.java:345)
	at org.h2.message.DbException.get(DbException.java:168)
	at org.h2.engine.SessionRemote.connectServer(SessionRemote.java:457)
	at org.h2.engine.SessionRemote.connectEmbeddedOrServer(SessionRemote.java:334)
	at org.h2.jdbc.JdbcConnection.<init>(JdbcConnection.java:116)
	at org.h2.jdbc.JdbcConnection.<init>(JdbcConnection.java:100)
	at org.h2.Driver.connect(Driver.java:69)
	at com.alibaba.druid.pool.DruidAbstractDataSource.createPhysicalConnection(DruidAbstractDataSource.java:1578)
	at com.alibaba.druid.pool.DruidAbstractDataSource.createPhysicalConnection(DruidAbstractDataSource.java:1644)
	at com.alibaba.druid.pool.DruidDataSource$CreateConnectionThread.run(DruidDataSource.java:2570)
Caused by: java.net.ConnectException: Connection refused: connect
	at java.net.DualStackPlainSocketImpl.waitForConnect(Native Method)
	at java.net.DualStackPlainSocketImpl.socketConnect(DualStackPlainSocketImpl.java:85)
	at java.net.AbstractPlainSocketImpl.doConnect(AbstractPlainSocketImpl.java:350)
	at java.net.AbstractPlainSocketImpl.connectToAddress(AbstractPlainSocketImpl.java:206)
	at java.net.AbstractPlainSocketImpl.connect(AbstractPlainSocketImpl.java:188)
	at java.net.PlainSocketImpl.connect(PlainSocketImpl.java:172)
	at java.net.SocksSocketImpl.connect(SocksSocketImpl.java:392)
	at java.net.Socket.connect(Socket.java:589)
	at org.h2.util.NetUtils.createSocket(NetUtils.java:123)
	at org.h2.util.NetUtils.createSocket(NetUtils.java:103)
	at org.h2.engine.SessionRemote.initTransfer(SessionRemote.java:115)
	at org.h2.engine.SessionRemote.connectServer(SessionRemote.java:453)
	... 7 common frames omitted
17:21:30.912 [Druid-ConnectionPool-Create-598284487] ERROR com.alibaba.druid.pool.DruidDataSource [line:2572] create connection SQLException, url: jdbc:h2:tcp://localhost:9092/~/test, errorCode 90067, state 90067
org.h2.jdbc.JdbcSQLException: Connection is broken: "java.net.ConnectException: Connection refused: connect: localhost:9092" [90067-195]
	at org.h2.message.DbException.getJdbcSQLException(DbException.java:345)
	at org.h2.message.DbException.get(DbException.java:168)
	at org.h2.engine.SessionRemote.connectServer(SessionRemote.java:457)
	at org.h2.engine.SessionRemote.connectEmbeddedOrServer(SessionRemote.java:334)
	at org.h2.jdbc.JdbcConnection.<init>(JdbcConnection.java:116)
	at org.h2.jdbc.JdbcConnection.<init>(JdbcConnection.java:100)
	at org.h2.Driver.connect(Driver.java:69)
	at com.alibaba.druid.pool.DruidAbstractDataSource.createPhysicalConnection(DruidAbstractDataSource.java:1578)
	at com.alibaba.druid.pool.DruidAbstractDataSource.createPhysicalConnection(DruidAbstractDataSource.java:1644)
	at com.alibaba.druid.pool.DruidDataSource$CreateConnectionThread.run(DruidDataSource.java:2570)
Caused by: java.net.ConnectException: Connection refused: connect
	at java.net.DualStackPlainSocketImpl.waitForConnect(Native Method)
	at java.net.DualStackPlainSocketImpl.socketConnect(DualStackPlainSocketImpl.java:85)
	at java.net.AbstractPlainSocketImpl.doConnect(AbstractPlainSocketImpl.java:350)
	at java.net.AbstractPlainSocketImpl.connectToAddress(AbstractPlainSocketImpl.java:206)
	at java.net.AbstractPlainSocketImpl.connect(AbstractPlainSocketImpl.java:188)
	at java.net.PlainSocketImpl.connect(PlainSocketImpl.java:172)
	at java.net.SocksSocketImpl.connect(SocksSocketImpl.java:392)
	at java.net.Socket.connect(Socket.java:589)
	at org.h2.util.NetUtils.createSocket(NetUtils.java:123)
	at org.h2.util.NetUtils.createSocket(NetUtils.java:103)
	at org.h2.engine.SessionRemote.initTransfer(SessionRemote.java:115)
	at org.h2.engine.SessionRemote.connectServer(SessionRemote.java:453)
	... 7 common frames omitted
17:21:32.920 [Druid-ConnectionPool-Create-598284487] ERROR com.alibaba.druid.pool.DruidDataSource [line:2572] create connection SQLException, url: jdbc:h2:tcp://localhost:9092/~/test, errorCode 90067, state 90067
org.h2.jdbc.JdbcSQLException: Connection is broken: "java.net.ConnectException: Connection refused: connect: localhost:9092" [90067-195]
	at org.h2.message.DbException.getJdbcSQLException(DbException.java:345)
	at org.h2.message.DbException.get(DbException.java:168)
	at org.h2.engine.SessionRemote.connectServer(SessionRemote.java:457)
	at org.h2.engine.SessionRemote.connectEmbeddedOrServer(SessionRemote.java:334)
	at org.h2.jdbc.JdbcConnection.<init>(JdbcConnection.java:116)
	at org.h2.jdbc.JdbcConnection.<init>(JdbcConnection.java:100)
	at org.h2.Driver.connect(Driver.java:69)
	at com.alibaba.druid.pool.DruidAbstractDataSource.createPhysicalConnection(DruidAbstractDataSource.java:1578)
	at com.alibaba.druid.pool.DruidAbstractDataSource.createPhysicalConnection(DruidAbstractDataSource.java:1644)
	at com.alibaba.druid.pool.DruidDataSource$CreateConnectionThread.run(DruidDataSource.java:2570)
Caused by: java.net.ConnectException: Connection refused: connect
	at java.net.DualStackPlainSocketImpl.waitForConnect(Native Method)
	at java.net.DualStackPlainSocketImpl.socketConnect(DualStackPlainSocketImpl.java:85)
	at java.net.AbstractPlainSocketImpl.doConnect(AbstractPlainSocketImpl.java:350)
	at java.net.AbstractPlainSocketImpl.connectToAddress(AbstractPlainSocketImpl.java:206)
	at java.net.AbstractPlainSocketImpl.connect(AbstractPlainSocketImpl.java:188)
	at java.net.PlainSocketImpl.connect(PlainSocketImpl.java:172)
	at java.net.SocksSocketImpl.connect(SocksSocketImpl.java:392)
	at java.net.Socket.connect(Socket.java:589)
	at org.h2.util.NetUtils.createSocket(NetUtils.java:123)
	at org.h2.util.NetUtils.createSocket(NetUtils.java:103)
	at org.h2.engine.SessionRemote.initTransfer(SessionRemote.java:115)
	at org.h2.engine.SessionRemote.connectServer(SessionRemote.java:453)
	... 7 common frames omitted
17:21:35.426 [Druid-ConnectionPool-Create-598284487] ERROR com.alibaba.druid.pool.DruidDataSource [line:2572] create connection SQLException, url: jdbc:h2:tcp://localhost:9092/~/test, errorCode 90067, state 90067
org.h2.jdbc.JdbcSQLException: Connection is broken: "java.net.ConnectException: Connection refused: connect: localhost:9092" [90067-195]
	at org.h2.message.DbException.getJdbcSQLException(DbException.java:345)
	at org.h2.message.DbException.get(DbException.java:168)
	at org.h2.engine.SessionRemote.connectServer(SessionRemote.java:457)
	at org.h2.engine.SessionRemote.connectEmbeddedOrServer(SessionRemote.java:334)
	at org.h2.jdbc.JdbcConnection.<init>(JdbcConnection.java:116)
	at org.h2.jdbc.JdbcConnection.<init>(JdbcConnection.java:100)
	at org.h2.Driver.connect(Driver.java:69)
	at com.alibaba.druid.pool.DruidAbstractDataSource.createPhysicalConnection(DruidAbstractDataSource.java:1578)
	at com.alibaba.druid.pool.DruidAbstractDataSource.createPhysicalConnection(DruidAbstractDataSource.java:1644)
	at com.alibaba.druid.pool.DruidDataSource$CreateConnectionThread.run(DruidDataSource.java:2570)
Caused by: java.net.ConnectException: Connection refused: connect
	at java.net.DualStackPlainSocketImpl.waitForConnect(Native Method)
	at java.net.DualStackPlainSocketImpl.socketConnect(DualStackPlainSocketImpl.java:85)
	at java.net.AbstractPlainSocketImpl.doConnect(AbstractPlainSocketImpl.java:350)
	at java.net.AbstractPlainSocketImpl.connectToAddress(AbstractPlainSocketImpl.java:206)
	at java.net.AbstractPlainSocketImpl.connect(AbstractPlainSocketImpl.java:188)
	at java.net.PlainSocketImpl.connect(PlainSocketImpl.java:172)
	at java.net.SocksSocketImpl.connect(SocksSocketImpl.java:392)
	at java.net.Socket.connect(Socket.java:589)
	at org.h2.util.NetUtils.createSocket(NetUtils.java:123)
	at org.h2.util.NetUtils.createSocket(NetUtils.java:103)
	at org.h2.engine.SessionRemote.initTransfer(SessionRemote.java:115)
	at org.h2.engine.SessionRemote.connectServer(SessionRemote.java:453)
	... 7 common frames omitted
17:21:37.933 [Druid-ConnectionPool-Create-598284487] ERROR com.alibaba.druid.pool.DruidDataSource [line:2572] create connection SQLException, url: jdbc:h2:tcp://localhost:9092/~/test, errorCode 90067, state 90067
org.h2.jdbc.JdbcSQLException: Connection is broken: "java.net.ConnectException: Connection refused: connect: localhost:9092" [90067-195]
	at org.h2.message.DbException.getJdbcSQLException(DbException.java:345)
	at org.h2.message.DbException.get(DbException.java:168)
	at org.h2.engine.SessionRemote.connectServer(SessionRemote.java:457)
	at org.h2.engine.SessionRemote.connectEmbeddedOrServer(SessionRemote.java:334)
	at org.h2.jdbc.JdbcConnection.<init>(JdbcConnection.java:116)
	at org.h2.jdbc.JdbcConnection.<init>(JdbcConnection.java:100)
	at org.h2.Driver.connect(Driver.java:69)
	at com.alibaba.druid.pool.DruidAbstractDataSource.createPhysicalConnection(DruidAbstractDataSource.java:1578)
	at com.alibaba.druid.pool.DruidAbstractDataSource.createPhysicalConnection(DruidAbstractDataSource.java:1644)
	at com.alibaba.druid.pool.DruidDataSource$CreateConnectionThread.run(DruidDataSource.java:2570)
Caused by: java.net.ConnectException: Connection refused: connect
	at java.net.DualStackPlainSocketImpl.waitForConnect(Native Method)
	at java.net.DualStackPlainSocketImpl.socketConnect(DualStackPlainSocketImpl.java:85)
	at java.net.AbstractPlainSocketImpl.doConnect(AbstractPlainSocketImpl.java:350)
	at java.net.AbstractPlainSocketImpl.connectToAddress(AbstractPlainSocketImpl.java:206)
	at java.net.AbstractPlainSocketImpl.connect(AbstractPlainSocketImpl.java:188)
	at java.net.PlainSocketImpl.connect(PlainSocketImpl.java:172)
	at java.net.SocksSocketImpl.connect(SocksSocketImpl.java:392)
	at java.net.Socket.connect(Socket.java:589)
	at org.h2.util.NetUtils.createSocket(NetUtils.java:123)
	at org.h2.util.NetUtils.createSocket(NetUtils.java:103)
	at org.h2.engine.SessionRemote.initTransfer(SessionRemote.java:115)
	at org.h2.engine.SessionRemote.connectServer(SessionRemote.java:453)
	... 7 common frames omitted
17:21:43.320 [main] ERROR org.springframework.boot.diagnostics.LoggingFailureAnalysisReporter [line:42] 

***************************
APPLICATION FAILED TO START
***************************

Description:

Field userService in com.beyondsoft.itsm.modules.user.controller.UserController required a single bean, but 2 were found:
	- userServiceImpl: defined in file [C:\springcloud-workspace\itsm\target\classes\com\beyondsoft\itsm\modules\user\service\impl\UserServiceImpl.class]
	- IUserService: defined in file [C:\springcloud-workspace\itsm\target\classes\com\beyondsoft\itsm\modules\user\service\IUserService.class]


Action:

Consider marking one of the beans as @Primary, updating the consumer to accept multiple beans, or using @Qualifier to identify the bean that should be consumed

17:23:22.938 [main] ERROR org.springframework.boot.diagnostics.LoggingFailureAnalysisReporter [line:42] 

***************************
APPLICATION FAILED TO START
***************************

Description:

Field userService in com.beyondsoft.itsm.modules.user.controller.UserController required a single bean, but 2 were found:
	- userServiceImpl: defined in file [C:\springcloud-workspace\itsm\target\classes\com\beyondsoft\itsm\modules\user\service\impl\UserServiceImpl.class]
	- IUserService: defined in file [C:\springcloud-workspace\itsm\target\classes\com\beyondsoft\itsm\modules\user\service\IUserService.class]


Action:

Consider marking one of the beans as @Primary, updating the consumer to accept multiple beans, or using @Qualifier to identify the bean that should be consumed

17:24:01.521 [main] ERROR org.springframework.boot.diagnostics.LoggingFailureAnalysisReporter [line:42] 

***************************
APPLICATION FAILED TO START
***************************

Description:

Field userService in com.beyondsoft.itsm.modules.user.controller.UserController required a single bean, but 2 were found:
	- userServiceImpl: defined in file [C:\springcloud-workspace\itsm\target\classes\com\beyondsoft\itsm\modules\user\service\impl\UserServiceImpl.class]
	- IUserService: defined in file [C:\springcloud-workspace\itsm\target\classes\com\beyondsoft\itsm\modules\user\service\IUserService.class]


Action:

Consider marking one of the beans as @Primary, updating the consumer to accept multiple beans, or using @Qualifier to identify the bean that should be consumed

17:28:32.867 [main] ERROR org.springframework.boot.diagnostics.LoggingFailureAnalysisReporter [line:42] 

***************************
APPLICATION FAILED TO START
***************************

Description:

Field springBus in com.beyondsoft.itsm.core.config.CxfConfig required a bean of type 'org.apache.cxf.bus.spring.SpringBus' that could not be found.
	- Bean method 'springBus' not loaded because @ConditionalOnProperty (cxf.enabled=true) did not find property 'cxf.enabled'


Action:

Consider revisiting the conditions above or defining a bean of type 'org.apache.cxf.bus.spring.SpringBus' in your configuration.

17:29:34.671 [main] ERROR org.springframework.boot.diagnostics.LoggingFailureAnalysisReporter [line:42] 

***************************
APPLICATION FAILED TO START
***************************

Description:

Field userService in com.beyondsoft.itsm.modules.user.controller.UserController required a single bean, but 2 were found:
	- userServiceImpl: defined in file [C:\springcloud-workspace\itsm\target\classes\com\beyondsoft\itsm\modules\user\service\impl\UserServiceImpl.class]
	- IUserService: defined in file [C:\springcloud-workspace\itsm\target\classes\com\beyondsoft\itsm\modules\user\service\IUserService.class]


Action:

Consider marking one of the beans as @Primary, updating the consumer to accept multiple beans, or using @Qualifier to identify the bean that should be consumed

17:30:20.695 [main] ERROR org.springframework.boot.diagnostics.LoggingFailureAnalysisReporter [line:42] 

***************************
APPLICATION FAILED TO START
***************************

Description:

Field userService in com.beyondsoft.itsm.modules.user.controller.UserController required a single bean, but 2 were found:
	- userServiceImpl: defined in file [C:\springcloud-workspace\itsm\target\classes\com\beyondsoft\itsm\modules\user\service\impl\UserServiceImpl.class]
	- IUserService: defined in file [C:\springcloud-workspace\itsm\target\classes\com\beyondsoft\itsm\modules\user\service\IUserService.class]


Action:

Consider marking one of the beans as @Primary, updating the consumer to accept multiple beans, or using @Qualifier to identify the bean that should be consumed

