10:23:27.735 [main] INFO  com.beyondsoft.itsm.ItsmApplication [line:48] Starting ItsmApplication on DESKTOP-5B7O4K0 with PID 14128 (C:\springcloud-workspace\itsm\target\classes started by jeff in C:\springcloud-workspace\itsm)
10:23:27.754 [main] INFO  com.beyondsoft.itsm.ItsmApplication [line:662] No active profile set, falling back to default profiles: default
10:23:28.284 [main] INFO  o.s.boot.context.embedded.AnnotationConfigEmbeddedWebApplicationContext [line:583] Refreshing org.springframework.boot.context.embedded.AnnotationConfigEmbeddedWebApplicationContext@285c08c8: startup date [Wed Apr 10 10:23:28 CST 2019]; root of context hierarchy
10:25:03.048 [main] INFO  com.beyondsoft.itsm.ItsmApplication [line:48] Starting ItsmApplication on DESKTOP-5B7O4K0 with PID 15392 (C:\springcloud-workspace\itsm\target\classes started by jeff in C:\springcloud-workspace\itsm)
10:25:03.062 [main] INFO  com.beyondsoft.itsm.ItsmApplication [line:662] No active profile set, falling back to default profiles: default
10:25:03.364 [main] INFO  o.s.boot.context.embedded.AnnotationConfigEmbeddedWebApplicationContext [line:583] Refreshing org.springframework.boot.context.embedded.AnnotationConfigEmbeddedWebApplicationContext@698122b2: startup date [Wed Apr 10 10:25:03 CST 2019]; root of context hierarchy
10:25:03.675 [background-preinit] INFO  org.hibernate.validator.internal.util.Version [line:30] HV000001: Hibernate Validator 5.2.5.Final
10:28:15.963 [main] INFO  com.beyondsoft.itsm.ItsmApplication [line:48] Starting ItsmApplication on DESKTOP-5B7O4K0 with PID 18348 (C:\springcloud-workspace\itsm\target\classes started by jeff in C:\springcloud-workspace\itsm)
10:28:16.207 [main] INFO  com.beyondsoft.itsm.ItsmApplication [line:662] No active profile set, falling back to default profiles: default
10:28:16.596 [main] INFO  o.s.boot.context.embedded.AnnotationConfigEmbeddedWebApplicationContext [line:583] Refreshing org.springframework.boot.context.embedded.AnnotationConfigEmbeddedWebApplicationContext@3dddefd8: startup date [Wed Apr 10 10:28:16 CST 2019]; root of context hierarchy
10:28:16.654 [background-preinit] INFO  org.hibernate.validator.internal.util.Version [line:30] HV000001: Hibernate Validator 5.2.5.Final
10:28:29.933 [main] INFO  org.springframework.boot.context.embedded.tomcat.TomcatEmbeddedServletContainer [line:89] Tomcat initialized with port(s): 9001 (http)
10:28:29.999 [main] INFO  org.apache.catalina.core.StandardService [line:179] Starting service [Tomcat]
10:28:30.003 [main] INFO  org.apache.catalina.core.StandardEngine [line:179] Starting Servlet Engine: Apache Tomcat/8.5.15
10:28:31.388 [localhost-startStop-1] INFO  org.apache.jasper.servlet.TldScanner [line:179] At least one JAR was scanned for TLDs yet contained no TLDs. Enable debug logging for this logger for a complete list of JARs that were scanned but no TLDs were found in them. Skipping unneeded JARs during scanning can improve startup time and JSP compilation time.
10:28:31.419 [localhost-startStop-1] INFO  org.apache.catalina.core.ContainerBase.[Tomcat].[localhost].[/] [line:179] Initializing Spring embedded WebApplicationContext
10:28:31.420 [localhost-startStop-1] INFO  org.springframework.web.context.ContextLoader [line:276] Root WebApplicationContext: initialization completed in 14825 ms
10:28:32.223 [localhost-startStop-1] INFO  org.springframework.boot.web.servlet.ServletRegistrationBean [line:190] Mapping servlet: 'dispatcherServlet' to [/]
10:28:32.230 [localhost-startStop-1] INFO  org.springframework.boot.web.servlet.ServletRegistrationBean [line:190] Mapping servlet: 'statViewServlet' to [/druid/*]
10:28:32.245 [localhost-startStop-1] INFO  org.springframework.boot.web.servlet.FilterRegistrationBean [line:258] Mapping filter: 'characterEncodingFilter' to: [/*]
10:28:32.247 [localhost-startStop-1] INFO  org.springframework.boot.web.servlet.FilterRegistrationBean [line:258] Mapping filter: 'hiddenHttpMethodFilter' to: [/*]
10:28:32.247 [localhost-startStop-1] INFO  org.springframework.boot.web.servlet.FilterRegistrationBean [line:258] Mapping filter: 'httpPutFormContentFilter' to: [/*]
10:28:32.248 [localhost-startStop-1] INFO  org.springframework.boot.web.servlet.FilterRegistrationBean [line:258] Mapping filter: 'requestContextFilter' to: [/*]
10:28:32.249 [localhost-startStop-1] INFO  org.springframework.boot.web.servlet.FilterRegistrationBean [line:271] Mapping filter: 'webStatFilter' to urls: [/*]
10:28:34.090 [main] INFO  com.alibaba.druid.pool.DruidDataSource [line:991] {dataSource-1} inited
10:28:34.786 [main] INFO  org.springframework.jdbc.datasource.init.ScriptUtils [line:441] Executing SQL script from URL [file:/C:/springcloud-workspace/itsm/target/classes/schema.sql]
10:28:34.808 [main] INFO  org.springframework.jdbc.datasource.init.ScriptUtils [line:507] Executed SQL script from URL [file:/C:/springcloud-workspace/itsm/target/classes/schema.sql] in 22 ms.
10:28:34.824 [main] INFO  org.springframework.jdbc.datasource.init.ScriptUtils [line:441] Executing SQL script from URL [file:/C:/springcloud-workspace/itsm/target/classes/data.sql]
10:28:34.830 [main] INFO  org.springframework.jdbc.datasource.init.ScriptUtils [line:507] Executed SQL script from URL [file:/C:/springcloud-workspace/itsm/target/classes/data.sql] in 6 ms.
10:28:35.172 [main] INFO  org.springframework.orm.jpa.LocalContainerEntityManagerFactoryBean [line:349] Building JPA container EntityManagerFactory for persistence unit 'default'
10:28:35.255 [main] INFO  org.hibernate.jpa.internal.util.LogHelper [line:31] HHH000204: Processing PersistenceUnitInfo [
	name: default
	...]
10:28:35.829 [main] INFO  org.hibernate.Version [line:37] HHH000412: Hibernate Core {5.0.12.Final}
10:28:35.832 [main] INFO  org.hibernate.cfg.Environment [line:213] HHH000206: hibernate.properties not found
10:28:35.836 [main] INFO  org.hibernate.cfg.Environment [line:317] HHH000021: Bytecode provider name : javassist
10:28:36.006 [main] INFO  org.hibernate.annotations.common.Version [line:66] HCANN000001: Hibernate Commons Annotations {5.0.1.Final}
10:28:36.675 [main] INFO  org.hibernate.dialect.Dialect [line:156] HHH000400: Using dialect: org.hibernate.dialect.H2Dialect
10:28:39.491 [main] INFO  org.springframework.orm.jpa.LocalContainerEntityManagerFactoryBean [line:379] Initialized JPA EntityManagerFactory for persistence unit 'default'
10:28:39.698 [main] INFO  org.springframework.orm.jpa.LocalContainerEntityManagerFactoryBean [line:548] Closing JPA EntityManagerFactory for persistence unit 'default'
10:28:39.769 [main] INFO  com.alibaba.druid.pool.DruidDataSource [line:1928] {dataSource-1} closed
10:28:39.778 [main] INFO  org.apache.catalina.core.StandardService [line:179] Stopping service [Tomcat]
10:28:39.846 [main] INFO  o.s.boot.autoconfigure.logging.AutoConfigurationReportLoggingInitializer [line:101] 

Error starting ApplicationContext. To display the auto-configuration report re-run your application with 'debug' enabled.
10:30:45.603 [main] INFO  com.beyondsoft.itsm.ItsmApplication [line:48] Starting ItsmApplication on DESKTOP-5B7O4K0 with PID 14580 (C:\springcloud-workspace\itsm\target\classes started by jeff in C:\springcloud-workspace\itsm)
10:30:45.616 [main] INFO  com.beyondsoft.itsm.ItsmApplication [line:662] No active profile set, falling back to default profiles: default
10:30:45.919 [main] INFO  o.s.boot.context.embedded.AnnotationConfigEmbeddedWebApplicationContext [line:583] Refreshing org.springframework.boot.context.embedded.AnnotationConfigEmbeddedWebApplicationContext@3b77a04f: startup date [Wed Apr 10 10:30:45 CST 2019]; root of context hierarchy
10:30:45.998 [background-preinit] INFO  org.hibernate.validator.internal.util.Version [line:30] HV000001: Hibernate Validator 5.2.5.Final
10:30:58.792 [main] INFO  org.springframework.boot.context.embedded.tomcat.TomcatEmbeddedServletContainer [line:89] Tomcat initialized with port(s): 9001 (http)
10:30:58.853 [main] INFO  org.apache.catalina.core.StandardService [line:179] Starting service [Tomcat]
10:30:58.856 [main] INFO  org.apache.catalina.core.StandardEngine [line:179] Starting Servlet Engine: Apache Tomcat/8.5.15
10:30:59.966 [localhost-startStop-1] INFO  org.apache.jasper.servlet.TldScanner [line:179] At least one JAR was scanned for TLDs yet contained no TLDs. Enable debug logging for this logger for a complete list of JARs that were scanned but no TLDs were found in them. Skipping unneeded JARs during scanning can improve startup time and JSP compilation time.
10:30:59.981 [localhost-startStop-1] INFO  org.apache.catalina.core.ContainerBase.[Tomcat].[localhost].[/] [line:179] Initializing Spring embedded WebApplicationContext
10:30:59.982 [localhost-startStop-1] INFO  org.springframework.web.context.ContextLoader [line:276] Root WebApplicationContext: initialization completed in 14063 ms
10:31:00.836 [localhost-startStop-1] INFO  org.springframework.boot.web.servlet.ServletRegistrationBean [line:190] Mapping servlet: 'dispatcherServlet' to [/]
10:31:00.840 [localhost-startStop-1] INFO  org.springframework.boot.web.servlet.ServletRegistrationBean [line:190] Mapping servlet: 'statViewServlet' to [/druid/*]
10:31:00.853 [localhost-startStop-1] INFO  org.springframework.boot.web.servlet.FilterRegistrationBean [line:258] Mapping filter: 'characterEncodingFilter' to: [/*]
10:31:00.854 [localhost-startStop-1] INFO  org.springframework.boot.web.servlet.FilterRegistrationBean [line:258] Mapping filter: 'hiddenHttpMethodFilter' to: [/*]
10:31:00.854 [localhost-startStop-1] INFO  org.springframework.boot.web.servlet.FilterRegistrationBean [line:258] Mapping filter: 'httpPutFormContentFilter' to: [/*]
10:31:00.855 [localhost-startStop-1] INFO  org.springframework.boot.web.servlet.FilterRegistrationBean [line:258] Mapping filter: 'requestContextFilter' to: [/*]
10:31:00.856 [localhost-startStop-1] INFO  org.springframework.boot.web.servlet.FilterRegistrationBean [line:271] Mapping filter: 'webStatFilter' to urls: [/*]
10:31:02.249 [main] INFO  com.alibaba.druid.pool.DruidDataSource [line:991] {dataSource-1} inited
10:31:02.588 [main] INFO  org.springframework.jdbc.datasource.init.ScriptUtils [line:441] Executing SQL script from URL [file:/C:/springcloud-workspace/itsm/target/classes/schema.sql]
10:31:02.620 [main] INFO  org.springframework.jdbc.datasource.init.ScriptUtils [line:507] Executed SQL script from URL [file:/C:/springcloud-workspace/itsm/target/classes/schema.sql] in 31 ms.
10:31:02.626 [main] INFO  org.springframework.jdbc.datasource.init.ScriptUtils [line:441] Executing SQL script from URL [file:/C:/springcloud-workspace/itsm/target/classes/data.sql]
10:31:02.632 [main] INFO  org.springframework.jdbc.datasource.init.ScriptUtils [line:507] Executed SQL script from URL [file:/C:/springcloud-workspace/itsm/target/classes/data.sql] in 5 ms.
10:31:02.970 [main] INFO  org.springframework.orm.jpa.LocalContainerEntityManagerFactoryBean [line:349] Building JPA container EntityManagerFactory for persistence unit 'default'
10:31:03.086 [main] INFO  org.hibernate.jpa.internal.util.LogHelper [line:31] HHH000204: Processing PersistenceUnitInfo [
	name: default
	...]
10:31:03.485 [main] INFO  org.hibernate.Version [line:37] HHH000412: Hibernate Core {5.0.12.Final}
10:31:03.490 [main] INFO  org.hibernate.cfg.Environment [line:213] HHH000206: hibernate.properties not found
10:31:03.495 [main] INFO  org.hibernate.cfg.Environment [line:317] HHH000021: Bytecode provider name : javassist
10:31:03.702 [main] INFO  org.hibernate.annotations.common.Version [line:66] HCANN000001: Hibernate Commons Annotations {5.0.1.Final}
10:31:04.227 [main] INFO  org.hibernate.dialect.Dialect [line:156] HHH000400: Using dialect: org.hibernate.dialect.H2Dialect
10:31:06.311 [main] INFO  org.springframework.orm.jpa.LocalContainerEntityManagerFactoryBean [line:379] Initialized JPA EntityManagerFactory for persistence unit 'default'
10:31:10.402 [main] INFO  o.springframework.web.servlet.mvc.method.annotation.RequestMappingHandlerAdapter [line:534] Looking for @ControllerAdvice: org.springframework.boot.context.embedded.AnnotationConfigEmbeddedWebApplicationContext@3b77a04f: startup date [Wed Apr 10 10:30:45 CST 2019]; root of context hierarchy
10:31:10.707 [main] INFO  o.springframework.web.servlet.mvc.method.annotation.RequestMappingHandlerMapping [line:543] Mapped "{[/user/list],methods=[GET]}" onto public com.beyondsoft.itsm.core.BaseOutDto<java.util.List<com.beyondsoft.itsm.modules.user.domain.User>> com.beyondsoft.itsm.modules.user.controller.UserController.list(int,int)
10:31:10.710 [main] INFO  o.springframework.web.servlet.mvc.method.annotation.RequestMappingHandlerMapping [line:543] Mapped "{[/user/save],methods=[GET]}" onto public com.beyondsoft.itsm.core.BaseOutDto com.beyondsoft.itsm.modules.user.controller.UserController.save(com.beyondsoft.itsm.modules.user.domain.User)
10:31:10.711 [main] INFO  o.springframework.web.servlet.mvc.method.annotation.RequestMappingHandlerMapping [line:543] Mapped "{[/user/userftlList],methods=[GET]}" onto public java.lang.String com.beyondsoft.itsm.modules.user.controller.UserController.ftlList(org.springframework.ui.ModelMap)
10:31:10.714 [main] INFO  o.springframework.web.servlet.mvc.method.annotation.RequestMappingHandlerMapping [line:543] Mapped "{[/user/userJspList],methods=[GET]}" onto public java.lang.String com.beyondsoft.itsm.modules.user.controller.UserController.jspList(org.springframework.ui.ModelMap)
10:31:10.715 [main] INFO  o.springframework.web.servlet.mvc.method.annotation.RequestMappingHandlerMapping [line:543] Mapped "{[/user/testCa],methods=[GET]}" onto public com.beyondsoft.itsm.core.BaseOutDto com.beyondsoft.itsm.modules.user.controller.UserController.testCa()
10:31:10.716 [main] INFO  o.springframework.web.servlet.mvc.method.annotation.RequestMappingHandlerMapping [line:543] Mapped "{[/user/{userId}],methods=[GET]}" onto public com.beyondsoft.itsm.modules.user.domain.User com.beyondsoft.itsm.modules.user.controller.UserController.findById(java.lang.Integer)
10:31:10.725 [main] INFO  o.springframework.web.servlet.mvc.method.annotation.RequestMappingHandlerMapping [line:543] Mapped "{[/error]}" onto public org.springframework.http.ResponseEntity<java.util.Map<java.lang.String, java.lang.Object>> org.springframework.boot.autoconfigure.web.BasicErrorController.error(javax.servlet.http.HttpServletRequest)
10:31:10.727 [main] INFO  o.springframework.web.servlet.mvc.method.annotation.RequestMappingHandlerMapping [line:543] Mapped "{[/error],produces=[text/html]}" onto public org.springframework.web.servlet.ModelAndView org.springframework.boot.autoconfigure.web.BasicErrorController.errorHtml(javax.servlet.http.HttpServletRequest,javax.servlet.http.HttpServletResponse)
10:31:10.785 [main] INFO  org.springframework.web.servlet.handler.SimpleUrlHandlerMapping [line:362] Mapped URL path [/index1] onto handler of type [class org.springframework.web.servlet.mvc.ParameterizableViewController]
10:31:10.866 [main] INFO  org.springframework.web.servlet.handler.SimpleUrlHandlerMapping [line:362] Mapped URL path [/webjars/**] onto handler of type [class org.springframework.web.servlet.resource.ResourceHttpRequestHandler]
10:31:10.867 [main] INFO  org.springframework.web.servlet.handler.SimpleUrlHandlerMapping [line:362] Mapped URL path [/**] onto handler of type [class org.springframework.web.servlet.resource.ResourceHttpRequestHandler]
10:31:10.971 [main] INFO  o.s.web.servlet.mvc.method.annotation.ExceptionHandlerExceptionResolver [line:273] Detected @ExceptionHandler methods in globalExceptionAdvice
10:31:11.083 [main] INFO  org.springframework.web.servlet.handler.SimpleUrlHandlerMapping [line:362] Mapped URL path [/**/favicon.ico] onto handler of type [class org.springframework.web.servlet.resource.ResourceHttpRequestHandler]
10:31:11.377 [main] INFO  o.s.boot.autoconfigure.web.WebMvcAutoConfiguration$WelcomePageHandlerMapping [line:512] Adding welcome page: class path resource [static/index.html]
10:31:15.838 [main] INFO  org.springframework.web.servlet.view.freemarker.FreeMarkerConfigurer [line:127] ClassTemplateLoader for Spring macros added to FreeMarker configuration
10:31:17.159 [main] INFO  org.springframework.jmx.export.annotation.AnnotationMBeanExporter [line:431] Registering beans for JMX exposure on startup
10:31:17.190 [main] INFO  org.springframework.jmx.export.annotation.AnnotationMBeanExporter [line:916] Bean with name 'duridDataSource' has been autodetected for JMX exposure
10:31:17.200 [main] INFO  org.springframework.jmx.export.annotation.AnnotationMBeanExporter [line:671] Located MBean 'duridDataSource': registering with JMX server as MBean [com.alibaba.druid.pool:name=duridDataSource,type=DruidDataSource]
10:31:17.241 [main] INFO  org.apache.coyote.http11.Http11NioProtocol [line:179] Initializing ProtocolHandler ["http-nio-9001"]
10:31:17.445 [main] INFO  org.apache.coyote.http11.Http11NioProtocol [line:179] Starting ProtocolHandler ["http-nio-9001"]
10:31:17.740 [main] INFO  org.apache.tomcat.util.net.NioSelectorPool [line:179] Using a shared selector for servlet write/read
10:31:18.136 [main] INFO  org.springframework.boot.context.embedded.tomcat.TomcatEmbeddedServletContainer [line:198] Tomcat started on port(s): 9001 (http)
10:31:18.161 [main] INFO  com.beyondsoft.itsm.ItsmApplication [line:57] Started ItsmApplication in 35.059 seconds (JVM running for 39.926)
10:33:22.626 [http-nio-9001-exec-1] INFO  org.apache.catalina.core.ContainerBase.[Tomcat].[localhost].[/] [line:179] Initializing Spring FrameworkServlet 'dispatcherServlet'
10:33:22.633 [http-nio-9001-exec-1] INFO  org.springframework.web.servlet.DispatcherServlet [line:489] FrameworkServlet 'dispatcherServlet': initialization started
10:33:22.715 [http-nio-9001-exec-1] INFO  org.springframework.web.servlet.DispatcherServlet [line:508] FrameworkServlet 'dispatcherServlet': initialization completed in 78 ms
10:33:22.952 [http-nio-9001-exec-1] INFO  com.beyondsoft.itsm.core.interceptor.WebAccessLogInterceptor [line:26] ================本次请求地址：/user/testCa
10:33:54.642 [http-nio-9001-exec-4] INFO  com.beyondsoft.itsm.core.interceptor.WebAccessLogInterceptor [line:26] ================本次请求地址：/user/testCa
10:37:02.746 [main] INFO  com.beyondsoft.itsm.ItsmApplication [line:48] Starting ItsmApplication on DESKTOP-5B7O4K0 with PID 7340 (C:\springcloud-workspace\itsm\target\classes started by jeff in C:\springcloud-workspace\itsm)
10:37:02.757 [main] INFO  com.beyondsoft.itsm.ItsmApplication [line:662] No active profile set, falling back to default profiles: default
10:37:03.126 [main] INFO  o.s.boot.context.embedded.AnnotationConfigEmbeddedWebApplicationContext [line:583] Refreshing org.springframework.boot.context.embedded.AnnotationConfigEmbeddedWebApplicationContext@3bd418e4: startup date [Wed Apr 10 10:37:03 CST 2019]; root of context hierarchy
10:37:03.576 [background-preinit] INFO  org.hibernate.validator.internal.util.Version [line:30] HV000001: Hibernate Validator 5.2.5.Final
10:37:19.184 [main] INFO  org.springframework.boot.context.embedded.tomcat.TomcatEmbeddedServletContainer [line:89] Tomcat initialized with port(s): 9001 (http)
10:37:19.270 [main] INFO  org.apache.catalina.core.StandardService [line:179] Starting service [Tomcat]
10:37:19.284 [main] INFO  org.apache.catalina.core.StandardEngine [line:179] Starting Servlet Engine: Apache Tomcat/8.5.15
10:37:22.624 [localhost-startStop-1] INFO  org.apache.jasper.servlet.TldScanner [line:179] At least one JAR was scanned for TLDs yet contained no TLDs. Enable debug logging for this logger for a complete list of JARs that were scanned but no TLDs were found in them. Skipping unneeded JARs during scanning can improve startup time and JSP compilation time.
10:37:22.699 [localhost-startStop-1] INFO  org.apache.catalina.core.ContainerBase.[Tomcat].[localhost].[/] [line:179] Initializing Spring embedded WebApplicationContext
10:37:22.699 [localhost-startStop-1] INFO  org.springframework.web.context.ContextLoader [line:276] Root WebApplicationContext: initialization completed in 19573 ms
10:37:25.749 [localhost-startStop-1] INFO  org.springframework.boot.web.servlet.ServletRegistrationBean [line:190] Mapping servlet: 'dispatcherServlet' to [/]
10:37:25.837 [localhost-startStop-1] INFO  org.springframework.boot.web.servlet.ServletRegistrationBean [line:190] Mapping servlet: 'statViewServlet' to [/druid/*]
10:37:25.864 [localhost-startStop-1] INFO  org.springframework.boot.web.servlet.FilterRegistrationBean [line:258] Mapping filter: 'characterEncodingFilter' to: [/*]
10:37:25.865 [localhost-startStop-1] INFO  org.springframework.boot.web.servlet.FilterRegistrationBean [line:258] Mapping filter: 'hiddenHttpMethodFilter' to: [/*]
10:37:25.865 [localhost-startStop-1] INFO  org.springframework.boot.web.servlet.FilterRegistrationBean [line:258] Mapping filter: 'httpPutFormContentFilter' to: [/*]
10:37:25.866 [localhost-startStop-1] INFO  org.springframework.boot.web.servlet.FilterRegistrationBean [line:258] Mapping filter: 'requestContextFilter' to: [/*]
10:37:25.866 [localhost-startStop-1] INFO  org.springframework.boot.web.servlet.FilterRegistrationBean [line:271] Mapping filter: 'webStatFilter' to urls: [/*]
10:37:29.801 [main] INFO  com.alibaba.druid.pool.DruidDataSource [line:991] {dataSource-1} inited
10:37:30.712 [main] INFO  org.springframework.jdbc.datasource.init.ScriptUtils [line:441] Executing SQL script from URL [file:/C:/springcloud-workspace/itsm/target/classes/schema.sql]
10:37:30.962 [main] INFO  org.springframework.jdbc.datasource.init.ScriptUtils [line:507] Executed SQL script from URL [file:/C:/springcloud-workspace/itsm/target/classes/schema.sql] in 249 ms.
10:37:30.975 [main] INFO  org.springframework.jdbc.datasource.init.ScriptUtils [line:441] Executing SQL script from URL [file:/C:/springcloud-workspace/itsm/target/classes/data.sql]
10:37:31.193 [main] INFO  org.springframework.jdbc.datasource.init.ScriptUtils [line:507] Executed SQL script from URL [file:/C:/springcloud-workspace/itsm/target/classes/data.sql] in 216 ms.
10:37:32.551 [main] INFO  org.springframework.orm.jpa.LocalContainerEntityManagerFactoryBean [line:349] Building JPA container EntityManagerFactory for persistence unit 'default'
10:37:32.927 [main] INFO  org.hibernate.jpa.internal.util.LogHelper [line:31] HHH000204: Processing PersistenceUnitInfo [
	name: default
	...]
10:37:33.586 [main] INFO  org.hibernate.Version [line:37] HHH000412: Hibernate Core {5.0.12.Final}
10:37:33.592 [main] INFO  org.hibernate.cfg.Environment [line:213] HHH000206: hibernate.properties not found
10:37:33.594 [main] INFO  org.hibernate.cfg.Environment [line:317] HHH000021: Bytecode provider name : javassist
10:37:34.145 [main] INFO  org.hibernate.annotations.common.Version [line:66] HCANN000001: Hibernate Commons Annotations {5.0.1.Final}
10:37:35.261 [main] INFO  org.hibernate.dialect.Dialect [line:156] HHH000400: Using dialect: org.hibernate.dialect.H2Dialect
10:37:38.783 [main] INFO  org.springframework.orm.jpa.LocalContainerEntityManagerFactoryBean [line:379] Initialized JPA EntityManagerFactory for persistence unit 'default'
10:37:42.967 [main] INFO  o.springframework.web.servlet.mvc.method.annotation.RequestMappingHandlerAdapter [line:534] Looking for @ControllerAdvice: org.springframework.boot.context.embedded.AnnotationConfigEmbeddedWebApplicationContext@3bd418e4: startup date [Wed Apr 10 10:37:03 CST 2019]; root of context hierarchy
10:37:43.406 [main] INFO  o.springframework.web.servlet.mvc.method.annotation.RequestMappingHandlerMapping [line:543] Mapped "{[/user/list],methods=[GET]}" onto public com.beyondsoft.itsm.core.BaseOutDto<java.util.List<com.beyondsoft.itsm.modules.user.domain.User>> com.beyondsoft.itsm.modules.user.controller.UserController.list(int,int)
10:37:43.412 [main] INFO  o.springframework.web.servlet.mvc.method.annotation.RequestMappingHandlerMapping [line:543] Mapped "{[/user/save],methods=[GET]}" onto public com.beyondsoft.itsm.core.BaseOutDto com.beyondsoft.itsm.modules.user.controller.UserController.save(com.beyondsoft.itsm.modules.user.domain.User)
10:37:43.413 [main] INFO  o.springframework.web.servlet.mvc.method.annotation.RequestMappingHandlerMapping [line:543] Mapped "{[/user/testCa],methods=[GET]}" onto public com.beyondsoft.itsm.core.BaseOutDto com.beyondsoft.itsm.modules.user.controller.UserController.testCa()
10:37:43.413 [main] INFO  o.springframework.web.servlet.mvc.method.annotation.RequestMappingHandlerMapping [line:543] Mapped "{[/user/{userId}],methods=[GET]}" onto public com.beyondsoft.itsm.modules.user.domain.User com.beyondsoft.itsm.modules.user.controller.UserController.findById(java.lang.Integer)
10:37:43.414 [main] INFO  o.springframework.web.servlet.mvc.method.annotation.RequestMappingHandlerMapping [line:543] Mapped "{[/user/userftlList],methods=[GET]}" onto public java.lang.String com.beyondsoft.itsm.modules.user.controller.UserController.ftlList(org.springframework.ui.ModelMap)
10:37:43.415 [main] INFO  o.springframework.web.servlet.mvc.method.annotation.RequestMappingHandlerMapping [line:543] Mapped "{[/user/userJspList],methods=[GET]}" onto public java.lang.String com.beyondsoft.itsm.modules.user.controller.UserController.jspList(org.springframework.ui.ModelMap)
10:37:43.423 [main] INFO  o.springframework.web.servlet.mvc.method.annotation.RequestMappingHandlerMapping [line:543] Mapped "{[/error]}" onto public org.springframework.http.ResponseEntity<java.util.Map<java.lang.String, java.lang.Object>> org.springframework.boot.autoconfigure.web.BasicErrorController.error(javax.servlet.http.HttpServletRequest)
10:37:43.424 [main] INFO  o.springframework.web.servlet.mvc.method.annotation.RequestMappingHandlerMapping [line:543] Mapped "{[/error],produces=[text/html]}" onto public org.springframework.web.servlet.ModelAndView org.springframework.boot.autoconfigure.web.BasicErrorController.errorHtml(javax.servlet.http.HttpServletRequest,javax.servlet.http.HttpServletResponse)
10:37:43.477 [main] INFO  org.springframework.web.servlet.handler.SimpleUrlHandlerMapping [line:362] Mapped URL path [/index1] onto handler of type [class org.springframework.web.servlet.mvc.ParameterizableViewController]
10:37:43.518 [main] INFO  org.springframework.web.servlet.handler.SimpleUrlHandlerMapping [line:362] Mapped URL path [/webjars/**] onto handler of type [class org.springframework.web.servlet.resource.ResourceHttpRequestHandler]
10:37:43.519 [main] INFO  org.springframework.web.servlet.handler.SimpleUrlHandlerMapping [line:362] Mapped URL path [/**] onto handler of type [class org.springframework.web.servlet.resource.ResourceHttpRequestHandler]
10:37:43.587 [main] INFO  o.s.web.servlet.mvc.method.annotation.ExceptionHandlerExceptionResolver [line:273] Detected @ExceptionHandler methods in globalExceptionAdvice
10:37:43.653 [main] INFO  org.springframework.web.servlet.handler.SimpleUrlHandlerMapping [line:362] Mapped URL path [/**/favicon.ico] onto handler of type [class org.springframework.web.servlet.resource.ResourceHttpRequestHandler]
10:37:43.814 [main] INFO  o.s.boot.autoconfigure.web.WebMvcAutoConfiguration$WelcomePageHandlerMapping [line:512] Adding welcome page: class path resource [static/index.html]
10:37:44.617 [main] INFO  org.springframework.web.servlet.view.freemarker.FreeMarkerConfigurer [line:127] ClassTemplateLoader for Spring macros added to FreeMarker configuration
10:37:45.586 [main] INFO  org.springframework.jmx.export.annotation.AnnotationMBeanExporter [line:431] Registering beans for JMX exposure on startup
10:37:45.593 [main] INFO  org.springframework.jmx.export.annotation.AnnotationMBeanExporter [line:916] Bean with name 'duridDataSource' has been autodetected for JMX exposure
10:37:45.602 [main] INFO  org.springframework.jmx.export.annotation.AnnotationMBeanExporter [line:671] Located MBean 'duridDataSource': registering with JMX server as MBean [com.alibaba.druid.pool:name=duridDataSource,type=DruidDataSource]
10:37:45.691 [main] INFO  org.apache.coyote.http11.Http11NioProtocol [line:179] Initializing ProtocolHandler ["http-nio-9001"]
10:37:45.755 [main] INFO  org.apache.coyote.http11.Http11NioProtocol [line:179] Starting ProtocolHandler ["http-nio-9001"]
10:37:45.848 [main] INFO  org.apache.tomcat.util.net.NioSelectorPool [line:179] Using a shared selector for servlet write/read
10:37:46.329 [main] INFO  org.springframework.boot.context.embedded.tomcat.TomcatEmbeddedServletContainer [line:198] Tomcat started on port(s): 9001 (http)
10:37:46.340 [main] INFO  com.beyondsoft.itsm.ItsmApplication [line:57] Started ItsmApplication in 46.786 seconds (JVM running for 57.764)
10:37:59.758 [http-nio-9001-exec-10] INFO  org.apache.catalina.core.ContainerBase.[Tomcat].[localhost].[/] [line:179] Initializing Spring FrameworkServlet 'dispatcherServlet'
10:37:59.759 [http-nio-9001-exec-10] INFO  org.springframework.web.servlet.DispatcherServlet [line:489] FrameworkServlet 'dispatcherServlet': initialization started
10:38:00.348 [http-nio-9001-exec-10] INFO  org.springframework.web.servlet.DispatcherServlet [line:508] FrameworkServlet 'dispatcherServlet': initialization completed in 588 ms
10:38:01.005 [http-nio-9001-exec-10] INFO  com.beyondsoft.itsm.core.interceptor.WebAccessLogInterceptor [line:26] ================本次请求地址：/user/testCa
10:38:41.633 [http-nio-9001-exec-7] INFO  com.beyondsoft.itsm.core.interceptor.WebAccessLogInterceptor [line:26] ================本次请求地址：/user/testCa
14:04:19.104 [main] INFO  com.beyondsoft.itsm.ItsmApplication [line:48] Starting ItsmApplication on DESKTOP-5B7O4K0 with PID 8656 (C:\springcloud-workspace\itsm\target\classes started by jeff in C:\springcloud-workspace\itsm)
14:04:19.130 [main] INFO  com.beyondsoft.itsm.ItsmApplication [line:662] No active profile set, falling back to default profiles: default
14:04:19.431 [main] INFO  o.s.boot.context.embedded.AnnotationConfigEmbeddedWebApplicationContext [line:583] Refreshing org.springframework.boot.context.embedded.AnnotationConfigEmbeddedWebApplicationContext@15eebbff: startup date [Wed Apr 10 14:04:19 CST 2019]; root of context hierarchy
14:04:19.809 [background-preinit] INFO  org.hibernate.validator.internal.util.Version [line:30] HV000001: Hibernate Validator 5.2.5.Final
14:05:12.113 [main] INFO  org.springframework.boot.context.embedded.tomcat.TomcatEmbeddedServletContainer [line:89] Tomcat initialized with port(s): 9001 (http)
14:05:12.220 [main] INFO  org.apache.catalina.core.StandardService [line:179] Starting service [Tomcat]
14:05:12.224 [main] INFO  org.apache.catalina.core.StandardEngine [line:179] Starting Servlet Engine: Apache Tomcat/8.5.15
14:05:13.371 [localhost-startStop-1] INFO  org.apache.jasper.servlet.TldScanner [line:179] At least one JAR was scanned for TLDs yet contained no TLDs. Enable debug logging for this logger for a complete list of JARs that were scanned but no TLDs were found in them. Skipping unneeded JARs during scanning can improve startup time and JSP compilation time.
14:05:13.390 [localhost-startStop-1] INFO  org.apache.catalina.core.ContainerBase.[Tomcat].[localhost].[/] [line:179] Initializing Spring embedded WebApplicationContext
14:05:13.391 [localhost-startStop-1] INFO  org.springframework.web.context.ContextLoader [line:276] Root WebApplicationContext: initialization completed in 53960 ms
14:05:13.977 [localhost-startStop-1] INFO  org.springframework.boot.web.servlet.ServletRegistrationBean [line:190] Mapping servlet: 'dispatcherServlet' to [/]
14:05:13.981 [localhost-startStop-1] INFO  org.springframework.boot.web.servlet.ServletRegistrationBean [line:190] Mapping servlet: 'statViewServlet' to [/druid/*]
14:05:13.988 [localhost-startStop-1] INFO  org.springframework.boot.web.servlet.FilterRegistrationBean [line:258] Mapping filter: 'characterEncodingFilter' to: [/*]
14:05:13.988 [localhost-startStop-1] INFO  org.springframework.boot.web.servlet.FilterRegistrationBean [line:258] Mapping filter: 'hiddenHttpMethodFilter' to: [/*]
14:05:13.989 [localhost-startStop-1] INFO  org.springframework.boot.web.servlet.FilterRegistrationBean [line:258] Mapping filter: 'httpPutFormContentFilter' to: [/*]
14:05:13.989 [localhost-startStop-1] INFO  org.springframework.boot.web.servlet.FilterRegistrationBean [line:258] Mapping filter: 'requestContextFilter' to: [/*]
14:05:13.990 [localhost-startStop-1] INFO  org.springframework.boot.web.servlet.FilterRegistrationBean [line:271] Mapping filter: 'webStatFilter' to urls: [/*]
14:05:14.770 [main] INFO  com.alibaba.druid.pool.DruidDataSource [line:991] {dataSource-1} inited
14:05:15.487 [main] INFO  org.springframework.jdbc.datasource.init.ScriptUtils [line:441] Executing SQL script from URL [file:/C:/springcloud-workspace/itsm/target/classes/schema.sql]
14:05:15.505 [main] INFO  org.springframework.jdbc.datasource.init.ScriptUtils [line:507] Executed SQL script from URL [file:/C:/springcloud-workspace/itsm/target/classes/schema.sql] in 17 ms.
14:05:15.511 [main] INFO  org.springframework.jdbc.datasource.init.ScriptUtils [line:441] Executing SQL script from URL [file:/C:/springcloud-workspace/itsm/target/classes/data.sql]
14:05:15.518 [main] INFO  org.springframework.jdbc.datasource.init.ScriptUtils [line:507] Executed SQL script from URL [file:/C:/springcloud-workspace/itsm/target/classes/data.sql] in 6 ms.
14:05:15.793 [main] INFO  org.springframework.orm.jpa.LocalContainerEntityManagerFactoryBean [line:349] Building JPA container EntityManagerFactory for persistence unit 'default'
14:05:15.850 [main] INFO  org.hibernate.jpa.internal.util.LogHelper [line:31] HHH000204: Processing PersistenceUnitInfo [
	name: default
	...]
14:05:16.136 [main] INFO  org.hibernate.Version [line:37] HHH000412: Hibernate Core {5.0.12.Final}
14:05:16.139 [main] INFO  org.hibernate.cfg.Environment [line:213] HHH000206: hibernate.properties not found
14:05:16.142 [main] INFO  org.hibernate.cfg.Environment [line:317] HHH000021: Bytecode provider name : javassist
14:05:16.324 [main] INFO  org.hibernate.annotations.common.Version [line:66] HCANN000001: Hibernate Commons Annotations {5.0.1.Final}
14:05:16.728 [main] INFO  org.hibernate.dialect.Dialect [line:156] HHH000400: Using dialect: org.hibernate.dialect.H2Dialect
14:05:18.161 [main] INFO  org.springframework.orm.jpa.LocalContainerEntityManagerFactoryBean [line:379] Initialized JPA EntityManagerFactory for persistence unit 'default'
14:05:20.513 [main] INFO  o.springframework.web.servlet.mvc.method.annotation.RequestMappingHandlerAdapter [line:534] Looking for @ControllerAdvice: org.springframework.boot.context.embedded.AnnotationConfigEmbeddedWebApplicationContext@15eebbff: startup date [Wed Apr 10 14:04:19 CST 2019]; root of context hierarchy
14:05:20.736 [main] INFO  o.springframework.web.servlet.mvc.method.annotation.RequestMappingHandlerMapping [line:543] Mapped "{[/user/list],methods=[GET]}" onto public com.beyondsoft.itsm.core.BaseOutDto<java.util.List<com.beyondsoft.itsm.modules.user.domain.User>> com.beyondsoft.itsm.modules.user.controller.UserController.list(int,int)
14:05:20.738 [main] INFO  o.springframework.web.servlet.mvc.method.annotation.RequestMappingHandlerMapping [line:543] Mapped "{[/user/save],methods=[GET]}" onto public com.beyondsoft.itsm.core.BaseOutDto com.beyondsoft.itsm.modules.user.controller.UserController.save(com.beyondsoft.itsm.modules.user.domain.User)
14:05:20.739 [main] INFO  o.springframework.web.servlet.mvc.method.annotation.RequestMappingHandlerMapping [line:543] Mapped "{[/user/{userId}],methods=[GET]}" onto public com.beyondsoft.itsm.modules.user.domain.User com.beyondsoft.itsm.modules.user.controller.UserController.findById(java.lang.Integer)
14:05:20.740 [main] INFO  o.springframework.web.servlet.mvc.method.annotation.RequestMappingHandlerMapping [line:543] Mapped "{[/user/userJspList],methods=[GET]}" onto public java.lang.String com.beyondsoft.itsm.modules.user.controller.UserController.jspList(org.springframework.ui.ModelMap)
14:05:20.741 [main] INFO  o.springframework.web.servlet.mvc.method.annotation.RequestMappingHandlerMapping [line:543] Mapped "{[/user/userftlList],methods=[GET]}" onto public java.lang.String com.beyondsoft.itsm.modules.user.controller.UserController.ftlList(org.springframework.ui.ModelMap)
14:05:20.742 [main] INFO  o.springframework.web.servlet.mvc.method.annotation.RequestMappingHandlerMapping [line:543] Mapped "{[/user/testCa],methods=[GET]}" onto public com.beyondsoft.itsm.core.BaseOutDto com.beyondsoft.itsm.modules.user.controller.UserController.testCa()
14:05:20.746 [main] INFO  o.springframework.web.servlet.mvc.method.annotation.RequestMappingHandlerMapping [line:543] Mapped "{[/error]}" onto public org.springframework.http.ResponseEntity<java.util.Map<java.lang.String, java.lang.Object>> org.springframework.boot.autoconfigure.web.BasicErrorController.error(javax.servlet.http.HttpServletRequest)
14:05:20.747 [main] INFO  o.springframework.web.servlet.mvc.method.annotation.RequestMappingHandlerMapping [line:543] Mapped "{[/error],produces=[text/html]}" onto public org.springframework.web.servlet.ModelAndView org.springframework.boot.autoconfigure.web.BasicErrorController.errorHtml(javax.servlet.http.HttpServletRequest,javax.servlet.http.HttpServletResponse)
14:05:20.789 [main] INFO  org.springframework.web.servlet.handler.SimpleUrlHandlerMapping [line:362] Mapped URL path [/index1] onto handler of type [class org.springframework.web.servlet.mvc.ParameterizableViewController]
14:05:20.824 [main] INFO  org.springframework.web.servlet.handler.SimpleUrlHandlerMapping [line:362] Mapped URL path [/webjars/**] onto handler of type [class org.springframework.web.servlet.resource.ResourceHttpRequestHandler]
14:05:20.824 [main] INFO  org.springframework.web.servlet.handler.SimpleUrlHandlerMapping [line:362] Mapped URL path [/**] onto handler of type [class org.springframework.web.servlet.resource.ResourceHttpRequestHandler]
14:05:20.930 [main] INFO  o.s.web.servlet.mvc.method.annotation.ExceptionHandlerExceptionResolver [line:273] Detected @ExceptionHandler methods in globalExceptionAdvice
14:05:21.012 [main] INFO  org.springframework.web.servlet.handler.SimpleUrlHandlerMapping [line:362] Mapped URL path [/**/favicon.ico] onto handler of type [class org.springframework.web.servlet.resource.ResourceHttpRequestHandler]
14:05:21.193 [main] INFO  o.s.boot.autoconfigure.web.WebMvcAutoConfiguration$WelcomePageHandlerMapping [line:512] Adding welcome page: class path resource [static/index.html]
14:05:21.768 [main] INFO  org.springframework.web.servlet.view.freemarker.FreeMarkerConfigurer [line:127] ClassTemplateLoader for Spring macros added to FreeMarker configuration
14:05:22.469 [main] INFO  org.springframework.jmx.export.annotation.AnnotationMBeanExporter [line:431] Registering beans for JMX exposure on startup
14:05:22.471 [main] INFO  org.springframework.jmx.export.annotation.AnnotationMBeanExporter [line:916] Bean with name 'duridDataSource' has been autodetected for JMX exposure
14:05:22.480 [main] INFO  org.springframework.jmx.export.annotation.AnnotationMBeanExporter [line:671] Located MBean 'duridDataSource': registering with JMX server as MBean [com.alibaba.druid.pool:name=duridDataSource,type=DruidDataSource]
14:05:22.508 [main] INFO  org.apache.coyote.http11.Http11NioProtocol [line:179] Initializing ProtocolHandler ["http-nio-9001"]
14:05:22.549 [main] INFO  org.apache.coyote.http11.Http11NioProtocol [line:179] Starting ProtocolHandler ["http-nio-9001"]
14:05:22.642 [main] INFO  org.apache.tomcat.util.net.NioSelectorPool [line:179] Using a shared selector for servlet write/read
14:05:23.138 [main] INFO  org.springframework.boot.context.embedded.tomcat.TomcatEmbeddedServletContainer [line:198] Tomcat started on port(s): 9001 (http)
14:05:23.155 [main] INFO  com.beyondsoft.itsm.ItsmApplication [line:57] Started ItsmApplication in 66.115 seconds (JVM running for 69.355)
14:05:34.265 [http-nio-9001-exec-10] INFO  org.apache.catalina.core.ContainerBase.[Tomcat].[localhost].[/] [line:179] Initializing Spring FrameworkServlet 'dispatcherServlet'
14:05:34.265 [http-nio-9001-exec-10] INFO  org.springframework.web.servlet.DispatcherServlet [line:489] FrameworkServlet 'dispatcherServlet': initialization started
14:05:34.312 [http-nio-9001-exec-10] INFO  org.springframework.web.servlet.DispatcherServlet [line:508] FrameworkServlet 'dispatcherServlet': initialization completed in 47 ms
14:05:34.418 [http-nio-9001-exec-10] INFO  com.beyondsoft.itsm.core.interceptor.WebAccessLogInterceptor [line:26] ================本次请求地址：/user/testCa
14:07:54.999 [http-nio-9001-exec-7] INFO  com.beyondsoft.itsm.core.interceptor.WebAccessLogInterceptor [line:26] ================本次请求地址：/user/testCa
14:08:22.003 [main] INFO  com.beyondsoft.itsm.ItsmApplication [line:48] Starting ItsmApplication on DESKTOP-5B7O4K0 with PID 9852 (C:\springcloud-workspace\itsm\target\classes started by jeff in C:\springcloud-workspace\itsm)
14:08:22.011 [main] INFO  com.beyondsoft.itsm.ItsmApplication [line:662] No active profile set, falling back to default profiles: default
14:08:22.328 [main] INFO  o.s.boot.context.embedded.AnnotationConfigEmbeddedWebApplicationContext [line:583] Refreshing org.springframework.boot.context.embedded.AnnotationConfigEmbeddedWebApplicationContext@83298d7: startup date [Wed Apr 10 14:08:22 CST 2019]; root of context hierarchy
14:08:23.092 [background-preinit] INFO  org.hibernate.validator.internal.util.Version [line:30] HV000001: Hibernate Validator 5.2.5.Final
14:08:33.331 [main] INFO  org.springframework.boot.context.embedded.tomcat.TomcatEmbeddedServletContainer [line:89] Tomcat initialized with port(s): 9001 (http)
14:08:33.360 [main] INFO  org.apache.catalina.core.StandardService [line:179] Starting service [Tomcat]
14:08:33.362 [main] INFO  org.apache.catalina.core.StandardEngine [line:179] Starting Servlet Engine: Apache Tomcat/8.5.15
14:08:34.239 [localhost-startStop-1] INFO  org.apache.jasper.servlet.TldScanner [line:179] At least one JAR was scanned for TLDs yet contained no TLDs. Enable debug logging for this logger for a complete list of JARs that were scanned but no TLDs were found in them. Skipping unneeded JARs during scanning can improve startup time and JSP compilation time.
14:08:34.256 [localhost-startStop-1] INFO  org.apache.catalina.core.ContainerBase.[Tomcat].[localhost].[/] [line:179] Initializing Spring embedded WebApplicationContext
14:08:34.260 [localhost-startStop-1] INFO  org.springframework.web.context.ContextLoader [line:276] Root WebApplicationContext: initialization completed in 11932 ms
14:08:34.774 [localhost-startStop-1] INFO  org.springframework.boot.web.servlet.ServletRegistrationBean [line:190] Mapping servlet: 'dispatcherServlet' to [/]
14:08:34.778 [localhost-startStop-1] INFO  org.springframework.boot.web.servlet.ServletRegistrationBean [line:190] Mapping servlet: 'statViewServlet' to [/druid/*]
14:08:34.786 [localhost-startStop-1] INFO  org.springframework.boot.web.servlet.FilterRegistrationBean [line:258] Mapping filter: 'characterEncodingFilter' to: [/*]
14:08:34.787 [localhost-startStop-1] INFO  org.springframework.boot.web.servlet.FilterRegistrationBean [line:258] Mapping filter: 'hiddenHttpMethodFilter' to: [/*]
14:08:34.788 [localhost-startStop-1] INFO  org.springframework.boot.web.servlet.FilterRegistrationBean [line:258] Mapping filter: 'httpPutFormContentFilter' to: [/*]
14:08:34.789 [localhost-startStop-1] INFO  org.springframework.boot.web.servlet.FilterRegistrationBean [line:258] Mapping filter: 'requestContextFilter' to: [/*]
14:08:34.790 [localhost-startStop-1] INFO  org.springframework.boot.web.servlet.FilterRegistrationBean [line:271] Mapping filter: 'webStatFilter' to urls: [/*]
14:08:35.857 [main] INFO  com.alibaba.druid.pool.DruidDataSource [line:991] {dataSource-1} inited
14:08:36.040 [main] INFO  org.springframework.jdbc.datasource.init.ScriptUtils [line:441] Executing SQL script from URL [file:/C:/springcloud-workspace/itsm/target/classes/schema.sql]
14:08:36.049 [main] INFO  org.springframework.jdbc.datasource.init.ScriptUtils [line:507] Executed SQL script from URL [file:/C:/springcloud-workspace/itsm/target/classes/schema.sql] in 9 ms.
14:08:36.054 [main] INFO  org.springframework.jdbc.datasource.init.ScriptUtils [line:441] Executing SQL script from URL [file:/C:/springcloud-workspace/itsm/target/classes/data.sql]
14:08:36.064 [main] INFO  org.springframework.jdbc.datasource.init.ScriptUtils [line:507] Executed SQL script from URL [file:/C:/springcloud-workspace/itsm/target/classes/data.sql] in 9 ms.
14:08:36.411 [main] INFO  org.springframework.orm.jpa.LocalContainerEntityManagerFactoryBean [line:349] Building JPA container EntityManagerFactory for persistence unit 'default'
14:08:36.464 [main] INFO  org.hibernate.jpa.internal.util.LogHelper [line:31] HHH000204: Processing PersistenceUnitInfo [
	name: default
	...]
14:08:37.146 [main] INFO  org.hibernate.Version [line:37] HHH000412: Hibernate Core {5.0.12.Final}
14:08:37.153 [main] INFO  org.hibernate.cfg.Environment [line:213] HHH000206: hibernate.properties not found
14:08:37.158 [main] INFO  org.hibernate.cfg.Environment [line:317] HHH000021: Bytecode provider name : javassist
14:08:37.434 [main] INFO  org.hibernate.annotations.common.Version [line:66] HCANN000001: Hibernate Commons Annotations {5.0.1.Final}
14:08:38.212 [main] INFO  org.hibernate.dialect.Dialect [line:156] HHH000400: Using dialect: org.hibernate.dialect.H2Dialect
14:08:39.510 [main] INFO  org.springframework.orm.jpa.LocalContainerEntityManagerFactoryBean [line:379] Initialized JPA EntityManagerFactory for persistence unit 'default'
14:08:41.735 [main] INFO  o.springframework.web.servlet.mvc.method.annotation.RequestMappingHandlerAdapter [line:534] Looking for @ControllerAdvice: org.springframework.boot.context.embedded.AnnotationConfigEmbeddedWebApplicationContext@83298d7: startup date [Wed Apr 10 14:08:22 CST 2019]; root of context hierarchy
14:08:41.956 [main] INFO  o.springframework.web.servlet.mvc.method.annotation.RequestMappingHandlerMapping [line:543] Mapped "{[/user/list],methods=[GET]}" onto public com.beyondsoft.itsm.core.BaseOutDto<java.util.List<com.beyondsoft.itsm.modules.user.domain.User>> com.beyondsoft.itsm.modules.user.controller.UserController.list(int,int)
14:08:41.959 [main] INFO  o.springframework.web.servlet.mvc.method.annotation.RequestMappingHandlerMapping [line:543] Mapped "{[/user/save],methods=[GET]}" onto public com.beyondsoft.itsm.core.BaseOutDto com.beyondsoft.itsm.modules.user.controller.UserController.save(com.beyondsoft.itsm.modules.user.domain.User)
14:08:41.960 [main] INFO  o.springframework.web.servlet.mvc.method.annotation.RequestMappingHandlerMapping [line:543] Mapped "{[/user/userftlList],methods=[GET]}" onto public java.lang.String com.beyondsoft.itsm.modules.user.controller.UserController.ftlList(org.springframework.ui.ModelMap)
14:08:41.961 [main] INFO  o.springframework.web.servlet.mvc.method.annotation.RequestMappingHandlerMapping [line:543] Mapped "{[/user/{userId}],methods=[GET]}" onto public com.beyondsoft.itsm.modules.user.domain.User com.beyondsoft.itsm.modules.user.controller.UserController.findById(java.lang.Integer)
14:08:41.961 [main] INFO  o.springframework.web.servlet.mvc.method.annotation.RequestMappingHandlerMapping [line:543] Mapped "{[/user/userJspList],methods=[GET]}" onto public java.lang.String com.beyondsoft.itsm.modules.user.controller.UserController.jspList(org.springframework.ui.ModelMap)
14:08:41.962 [main] INFO  o.springframework.web.servlet.mvc.method.annotation.RequestMappingHandlerMapping [line:543] Mapped "{[/user/testCa],methods=[GET]}" onto public com.beyondsoft.itsm.core.BaseOutDto com.beyondsoft.itsm.modules.user.controller.UserController.testCa()
14:08:41.966 [main] INFO  o.springframework.web.servlet.mvc.method.annotation.RequestMappingHandlerMapping [line:543] Mapped "{[/error]}" onto public org.springframework.http.ResponseEntity<java.util.Map<java.lang.String, java.lang.Object>> org.springframework.boot.autoconfigure.web.BasicErrorController.error(javax.servlet.http.HttpServletRequest)
14:08:41.967 [main] INFO  o.springframework.web.servlet.mvc.method.annotation.RequestMappingHandlerMapping [line:543] Mapped "{[/error],produces=[text/html]}" onto public org.springframework.web.servlet.ModelAndView org.springframework.boot.autoconfigure.web.BasicErrorController.errorHtml(javax.servlet.http.HttpServletRequest,javax.servlet.http.HttpServletResponse)
14:08:42.008 [main] INFO  org.springframework.web.servlet.handler.SimpleUrlHandlerMapping [line:362] Mapped URL path [/index1] onto handler of type [class org.springframework.web.servlet.mvc.ParameterizableViewController]
14:08:42.047 [main] INFO  org.springframework.web.servlet.handler.SimpleUrlHandlerMapping [line:362] Mapped URL path [/webjars/**] onto handler of type [class org.springframework.web.servlet.resource.ResourceHttpRequestHandler]
14:08:42.048 [main] INFO  org.springframework.web.servlet.handler.SimpleUrlHandlerMapping [line:362] Mapped URL path [/**] onto handler of type [class org.springframework.web.servlet.resource.ResourceHttpRequestHandler]
14:08:42.117 [main] INFO  o.s.web.servlet.mvc.method.annotation.ExceptionHandlerExceptionResolver [line:273] Detected @ExceptionHandler methods in globalExceptionAdvice
14:08:42.199 [main] INFO  org.springframework.web.servlet.handler.SimpleUrlHandlerMapping [line:362] Mapped URL path [/**/favicon.ico] onto handler of type [class org.springframework.web.servlet.resource.ResourceHttpRequestHandler]
14:08:42.338 [main] INFO  o.s.boot.autoconfigure.web.WebMvcAutoConfiguration$WelcomePageHandlerMapping [line:512] Adding welcome page: class path resource [static/index.html]
14:08:42.795 [main] INFO  org.springframework.web.servlet.view.freemarker.FreeMarkerConfigurer [line:127] ClassTemplateLoader for Spring macros added to FreeMarker configuration
14:08:43.462 [main] INFO  org.springframework.jmx.export.annotation.AnnotationMBeanExporter [line:431] Registering beans for JMX exposure on startup
14:08:43.465 [main] INFO  org.springframework.jmx.export.annotation.AnnotationMBeanExporter [line:916] Bean with name 'duridDataSource' has been autodetected for JMX exposure
14:08:43.485 [main] INFO  org.springframework.jmx.export.annotation.AnnotationMBeanExporter [line:671] Located MBean 'duridDataSource': registering with JMX server as MBean [com.alibaba.druid.pool:name=duridDataSource,type=DruidDataSource]
14:08:43.517 [main] INFO  org.apache.coyote.http11.Http11NioProtocol [line:179] Initializing ProtocolHandler ["http-nio-9001"]
14:08:43.553 [main] INFO  org.apache.coyote.http11.Http11NioProtocol [line:179] Starting ProtocolHandler ["http-nio-9001"]
14:08:43.650 [main] INFO  org.apache.tomcat.util.net.NioSelectorPool [line:179] Using a shared selector for servlet write/read
14:08:43.883 [main] INFO  org.springframework.boot.context.embedded.tomcat.TomcatEmbeddedServletContainer [line:198] Tomcat started on port(s): 9001 (http)
14:08:43.903 [main] INFO  com.beyondsoft.itsm.ItsmApplication [line:57] Started ItsmApplication in 24.953 seconds (JVM running for 32.591)
14:08:46.599 [http-nio-9001-exec-1] INFO  org.apache.catalina.core.ContainerBase.[Tomcat].[localhost].[/] [line:179] Initializing Spring FrameworkServlet 'dispatcherServlet'
14:08:46.599 [http-nio-9001-exec-1] INFO  org.springframework.web.servlet.DispatcherServlet [line:489] FrameworkServlet 'dispatcherServlet': initialization started
14:08:46.654 [http-nio-9001-exec-1] INFO  org.springframework.web.servlet.DispatcherServlet [line:508] FrameworkServlet 'dispatcherServlet': initialization completed in 54 ms
14:08:46.752 [http-nio-9001-exec-1] INFO  com.beyondsoft.itsm.core.interceptor.WebAccessLogInterceptor [line:26] ================本次请求地址：/user/testCa
14:09:05.607 [http-nio-9001-exec-4] INFO  com.beyondsoft.itsm.core.interceptor.WebAccessLogInterceptor [line:26] ================本次请求地址：/user/testCa
14:10:58.347 [http-nio-9001-exec-7] INFO  com.beyondsoft.itsm.core.interceptor.WebAccessLogInterceptor [line:26] ================本次请求地址：/user/testCa
14:29:14.407 [main] INFO  com.beyondsoft.itsm.ItsmApplication [line:48] Starting ItsmApplication on DESKTOP-5B7O4K0 with PID 17876 (C:\springcloud-workspace\itsm\target\classes started by jeff in C:\springcloud-workspace\itsm)
14:29:14.438 [main] INFO  com.beyondsoft.itsm.ItsmApplication [line:662] No active profile set, falling back to default profiles: default
14:29:14.796 [main] INFO  o.s.boot.context.embedded.AnnotationConfigEmbeddedWebApplicationContext [line:583] Refreshing org.springframework.boot.context.embedded.AnnotationConfigEmbeddedWebApplicationContext@45e37a7e: startup date [Wed Apr 10 14:29:14 CST 2019]; root of context hierarchy
14:29:15.738 [background-preinit] INFO  org.hibernate.validator.internal.util.Version [line:30] HV000001: Hibernate Validator 5.2.5.Final
14:29:35.663 [main] INFO  org.springframework.boot.context.embedded.tomcat.TomcatEmbeddedServletContainer [line:89] Tomcat initialized with port(s): 9001 (http)
14:29:35.704 [main] INFO  org.apache.catalina.core.StandardService [line:179] Starting service [Tomcat]
14:29:35.707 [main] INFO  org.apache.catalina.core.StandardEngine [line:179] Starting Servlet Engine: Apache Tomcat/8.5.15
14:29:36.716 [localhost-startStop-1] INFO  org.apache.jasper.servlet.TldScanner [line:179] At least one JAR was scanned for TLDs yet contained no TLDs. Enable debug logging for this logger for a complete list of JARs that were scanned but no TLDs were found in them. Skipping unneeded JARs during scanning can improve startup time and JSP compilation time.
14:29:36.757 [localhost-startStop-1] INFO  org.apache.catalina.core.ContainerBase.[Tomcat].[localhost].[/] [line:179] Initializing Spring embedded WebApplicationContext
14:29:36.778 [localhost-startStop-1] INFO  org.springframework.web.context.ContextLoader [line:276] Root WebApplicationContext: initialization completed in 21982 ms
14:29:37.631 [localhost-startStop-1] INFO  org.springframework.boot.web.servlet.ServletRegistrationBean [line:190] Mapping servlet: 'dispatcherServlet' to [/]
14:29:37.635 [localhost-startStop-1] INFO  org.springframework.boot.web.servlet.ServletRegistrationBean [line:190] Mapping servlet: 'statViewServlet' to [/druid/*]
14:29:37.650 [localhost-startStop-1] INFO  org.springframework.boot.web.servlet.FilterRegistrationBean [line:258] Mapping filter: 'characterEncodingFilter' to: [/*]
14:29:37.651 [localhost-startStop-1] INFO  org.springframework.boot.web.servlet.FilterRegistrationBean [line:258] Mapping filter: 'hiddenHttpMethodFilter' to: [/*]
14:29:37.652 [localhost-startStop-1] INFO  org.springframework.boot.web.servlet.FilterRegistrationBean [line:258] Mapping filter: 'httpPutFormContentFilter' to: [/*]
14:29:37.653 [localhost-startStop-1] INFO  org.springframework.boot.web.servlet.FilterRegistrationBean [line:258] Mapping filter: 'requestContextFilter' to: [/*]
14:29:37.653 [localhost-startStop-1] INFO  org.springframework.boot.web.servlet.FilterRegistrationBean [line:271] Mapping filter: 'webStatFilter' to urls: [/*]
14:29:39.594 [main] INFO  com.alibaba.druid.pool.DruidDataSource [line:991] {dataSource-1} inited
14:29:40.122 [main] INFO  org.springframework.jdbc.datasource.init.ScriptUtils [line:441] Executing SQL script from URL [file:/C:/springcloud-workspace/itsm/target/classes/schema.sql]
14:29:40.169 [main] INFO  org.springframework.jdbc.datasource.init.ScriptUtils [line:507] Executed SQL script from URL [file:/C:/springcloud-workspace/itsm/target/classes/schema.sql] in 46 ms.
14:29:40.176 [main] INFO  org.springframework.jdbc.datasource.init.ScriptUtils [line:441] Executing SQL script from URL [file:/C:/springcloud-workspace/itsm/target/classes/data.sql]
14:29:40.181 [main] INFO  org.springframework.jdbc.datasource.init.ScriptUtils [line:507] Executed SQL script from URL [file:/C:/springcloud-workspace/itsm/target/classes/data.sql] in 5 ms.
14:29:40.568 [main] INFO  org.springframework.orm.jpa.LocalContainerEntityManagerFactoryBean [line:349] Building JPA container EntityManagerFactory for persistence unit 'default'
14:29:40.710 [main] INFO  org.hibernate.jpa.internal.util.LogHelper [line:31] HHH000204: Processing PersistenceUnitInfo [
	name: default
	...]
14:29:41.161 [main] INFO  org.hibernate.Version [line:37] HHH000412: Hibernate Core {5.0.12.Final}
14:29:41.165 [main] INFO  org.hibernate.cfg.Environment [line:213] HHH000206: hibernate.properties not found
14:29:41.173 [main] INFO  org.hibernate.cfg.Environment [line:317] HHH000021: Bytecode provider name : javassist
14:29:41.312 [main] INFO  org.hibernate.annotations.common.Version [line:66] HCANN000001: Hibernate Commons Annotations {5.0.1.Final}
14:29:41.815 [main] INFO  org.hibernate.dialect.Dialect [line:156] HHH000400: Using dialect: org.hibernate.dialect.H2Dialect
14:29:43.365 [main] INFO  org.springframework.orm.jpa.LocalContainerEntityManagerFactoryBean [line:379] Initialized JPA EntityManagerFactory for persistence unit 'default'
14:29:48.023 [main] INFO  o.springframework.web.servlet.mvc.method.annotation.RequestMappingHandlerAdapter [line:534] Looking for @ControllerAdvice: org.springframework.boot.context.embedded.AnnotationConfigEmbeddedWebApplicationContext@45e37a7e: startup date [Wed Apr 10 14:29:14 CST 2019]; root of context hierarchy
14:29:48.468 [main] INFO  o.springframework.web.servlet.mvc.method.annotation.RequestMappingHandlerMapping [line:543] Mapped "{[/user/list],methods=[GET]}" onto public com.beyondsoft.itsm.core.BaseOutDto<java.util.List<com.beyondsoft.itsm.modules.user.domain.User>> com.beyondsoft.itsm.modules.user.controller.UserController.list(int,int)
14:29:48.470 [main] INFO  o.springframework.web.servlet.mvc.method.annotation.RequestMappingHandlerMapping [line:543] Mapped "{[/user/save],methods=[GET]}" onto public com.beyondsoft.itsm.core.BaseOutDto com.beyondsoft.itsm.modules.user.controller.UserController.save(com.beyondsoft.itsm.modules.user.domain.User)
14:29:48.471 [main] INFO  o.springframework.web.servlet.mvc.method.annotation.RequestMappingHandlerMapping [line:543] Mapped "{[/user/userftlList],methods=[GET]}" onto public java.lang.String com.beyondsoft.itsm.modules.user.controller.UserController.ftlList(org.springframework.ui.ModelMap)
14:29:48.472 [main] INFO  o.springframework.web.servlet.mvc.method.annotation.RequestMappingHandlerMapping [line:543] Mapped "{[/user/testCa],methods=[GET]}" onto public com.beyondsoft.itsm.core.BaseOutDto com.beyondsoft.itsm.modules.user.controller.UserController.testCa()
14:29:48.473 [main] INFO  o.springframework.web.servlet.mvc.method.annotation.RequestMappingHandlerMapping [line:543] Mapped "{[/user/{userId}],methods=[GET]}" onto public com.beyondsoft.itsm.modules.user.domain.User com.beyondsoft.itsm.modules.user.controller.UserController.findById(java.lang.Integer)
14:29:48.473 [main] INFO  o.springframework.web.servlet.mvc.method.annotation.RequestMappingHandlerMapping [line:543] Mapped "{[/user/userJspList],methods=[GET]}" onto public java.lang.String com.beyondsoft.itsm.modules.user.controller.UserController.jspList(org.springframework.ui.ModelMap)
14:29:48.478 [main] INFO  o.springframework.web.servlet.mvc.method.annotation.RequestMappingHandlerMapping [line:543] Mapped "{[/error]}" onto public org.springframework.http.ResponseEntity<java.util.Map<java.lang.String, java.lang.Object>> org.springframework.boot.autoconfigure.web.BasicErrorController.error(javax.servlet.http.HttpServletRequest)
14:29:48.479 [main] INFO  o.springframework.web.servlet.mvc.method.annotation.RequestMappingHandlerMapping [line:543] Mapped "{[/error],produces=[text/html]}" onto public org.springframework.web.servlet.ModelAndView org.springframework.boot.autoconfigure.web.BasicErrorController.errorHtml(javax.servlet.http.HttpServletRequest,javax.servlet.http.HttpServletResponse)
14:29:48.618 [main] INFO  org.springframework.web.servlet.handler.SimpleUrlHandlerMapping [line:362] Mapped URL path [/index1] onto handler of type [class org.springframework.web.servlet.mvc.ParameterizableViewController]
14:29:48.691 [main] INFO  org.springframework.web.servlet.handler.SimpleUrlHandlerMapping [line:362] Mapped URL path [/webjars/**] onto handler of type [class org.springframework.web.servlet.resource.ResourceHttpRequestHandler]
14:29:48.691 [main] INFO  org.springframework.web.servlet.handler.SimpleUrlHandlerMapping [line:362] Mapped URL path [/**] onto handler of type [class org.springframework.web.servlet.resource.ResourceHttpRequestHandler]
14:29:48.770 [main] INFO  o.s.web.servlet.mvc.method.annotation.ExceptionHandlerExceptionResolver [line:273] Detected @ExceptionHandler methods in globalExceptionAdvice
14:29:48.905 [main] INFO  org.springframework.web.servlet.handler.SimpleUrlHandlerMapping [line:362] Mapped URL path [/**/favicon.ico] onto handler of type [class org.springframework.web.servlet.resource.ResourceHttpRequestHandler]
14:29:49.096 [main] INFO  o.s.boot.autoconfigure.web.WebMvcAutoConfiguration$WelcomePageHandlerMapping [line:512] Adding welcome page: class path resource [static/index.html]
14:29:49.888 [main] INFO  org.springframework.web.servlet.view.freemarker.FreeMarkerConfigurer [line:127] ClassTemplateLoader for Spring macros added to FreeMarker configuration
14:29:50.945 [main] INFO  org.springframework.jmx.export.annotation.AnnotationMBeanExporter [line:431] Registering beans for JMX exposure on startup
14:29:50.954 [main] INFO  org.springframework.jmx.export.annotation.AnnotationMBeanExporter [line:916] Bean with name 'duridDataSource' has been autodetected for JMX exposure
14:29:50.965 [main] INFO  org.springframework.jmx.export.annotation.AnnotationMBeanExporter [line:671] Located MBean 'duridDataSource': registering with JMX server as MBean [com.alibaba.druid.pool:name=duridDataSource,type=DruidDataSource]
14:29:51.002 [main] INFO  org.apache.coyote.http11.Http11NioProtocol [line:179] Initializing ProtocolHandler ["http-nio-9001"]
14:29:51.087 [main] INFO  org.apache.coyote.http11.Http11NioProtocol [line:179] Starting ProtocolHandler ["http-nio-9001"]
14:29:51.192 [main] INFO  org.apache.tomcat.util.net.NioSelectorPool [line:179] Using a shared selector for servlet write/read
14:29:51.362 [main] INFO  org.springframework.boot.context.embedded.tomcat.TomcatEmbeddedServletContainer [line:198] Tomcat started on port(s): 9001 (http)
14:29:51.375 [main] INFO  com.beyondsoft.itsm.ItsmApplication [line:57] Started ItsmApplication in 40.401 seconds (JVM running for 44.068)
14:30:05.455 [http-nio-9001-exec-10] INFO  org.apache.catalina.core.ContainerBase.[Tomcat].[localhost].[/] [line:179] Initializing Spring FrameworkServlet 'dispatcherServlet'
14:30:05.455 [http-nio-9001-exec-10] INFO  org.springframework.web.servlet.DispatcherServlet [line:489] FrameworkServlet 'dispatcherServlet': initialization started
14:30:05.527 [http-nio-9001-exec-10] INFO  org.springframework.web.servlet.DispatcherServlet [line:508] FrameworkServlet 'dispatcherServlet': initialization completed in 71 ms
14:30:05.684 [http-nio-9001-exec-10] INFO  com.beyondsoft.itsm.core.interceptor.WebAccessLogInterceptor [line:26] ================本次请求地址：/user/testCa
14:36:50.797 [main] INFO  com.beyondsoft.itsm.ItsmApplication [line:48] Starting ItsmApplication on DESKTOP-5B7O4K0 with PID 10344 (C:\springcloud-workspace\itsm\target\classes started by jeff in C:\springcloud-workspace\itsm)
14:36:50.808 [main] INFO  com.beyondsoft.itsm.ItsmApplication [line:662] No active profile set, falling back to default profiles: default
14:36:51.095 [main] INFO  o.s.boot.context.embedded.AnnotationConfigEmbeddedWebApplicationContext [line:583] Refreshing org.springframework.boot.context.embedded.AnnotationConfigEmbeddedWebApplicationContext@5d018107: startup date [Wed Apr 10 14:36:51 CST 2019]; root of context hierarchy
14:36:51.194 [background-preinit] INFO  org.hibernate.validator.internal.util.Version [line:30] HV000001: Hibernate Validator 5.2.5.Final
14:37:13.071 [main] INFO  com.beyondsoft.itsm.ItsmApplication [line:48] Starting ItsmApplication on DESKTOP-5B7O4K0 with PID 17032 (C:\springcloud-workspace\itsm\target\classes started by jeff in C:\springcloud-workspace\itsm)
14:37:13.082 [main] INFO  com.beyondsoft.itsm.ItsmApplication [line:662] No active profile set, falling back to default profiles: default
14:37:13.342 [main] INFO  o.s.boot.context.embedded.AnnotationConfigEmbeddedWebApplicationContext [line:583] Refreshing org.springframework.boot.context.embedded.AnnotationConfigEmbeddedWebApplicationContext@38be305c: startup date [Wed Apr 10 14:37:13 CST 2019]; root of context hierarchy
14:37:13.460 [background-preinit] INFO  org.hibernate.validator.internal.util.Version [line:30] HV000001: Hibernate Validator 5.2.5.Final
14:37:23.204 [main] INFO  org.springframework.boot.context.embedded.tomcat.TomcatEmbeddedServletContainer [line:89] Tomcat initialized with port(s): 9001 (http)
14:37:23.243 [main] INFO  org.apache.catalina.core.StandardService [line:179] Starting service [Tomcat]
14:37:23.247 [main] INFO  org.apache.catalina.core.StandardEngine [line:179] Starting Servlet Engine: Apache Tomcat/8.5.15
14:37:24.257 [localhost-startStop-1] INFO  org.apache.jasper.servlet.TldScanner [line:179] At least one JAR was scanned for TLDs yet contained no TLDs. Enable debug logging for this logger for a complete list of JARs that were scanned but no TLDs were found in them. Skipping unneeded JARs during scanning can improve startup time and JSP compilation time.
14:37:24.271 [localhost-startStop-1] INFO  org.apache.catalina.core.ContainerBase.[Tomcat].[localhost].[/] [line:179] Initializing Spring embedded WebApplicationContext
14:37:24.276 [localhost-startStop-1] INFO  org.springframework.web.context.ContextLoader [line:276] Root WebApplicationContext: initialization completed in 10934 ms
14:37:24.907 [localhost-startStop-1] INFO  org.springframework.boot.web.servlet.ServletRegistrationBean [line:190] Mapping servlet: 'dispatcherServlet' to [/]
14:37:24.911 [localhost-startStop-1] INFO  org.springframework.boot.web.servlet.ServletRegistrationBean [line:190] Mapping servlet: 'statViewServlet' to [/druid/*]
14:37:24.924 [localhost-startStop-1] INFO  org.springframework.boot.web.servlet.FilterRegistrationBean [line:258] Mapping filter: 'characterEncodingFilter' to: [/*]
14:37:24.925 [localhost-startStop-1] INFO  org.springframework.boot.web.servlet.FilterRegistrationBean [line:258] Mapping filter: 'hiddenHttpMethodFilter' to: [/*]
14:37:24.925 [localhost-startStop-1] INFO  org.springframework.boot.web.servlet.FilterRegistrationBean [line:258] Mapping filter: 'httpPutFormContentFilter' to: [/*]
14:37:24.925 [localhost-startStop-1] INFO  org.springframework.boot.web.servlet.FilterRegistrationBean [line:258] Mapping filter: 'requestContextFilter' to: [/*]
14:37:24.926 [localhost-startStop-1] INFO  org.springframework.boot.web.servlet.FilterRegistrationBean [line:271] Mapping filter: 'webStatFilter' to urls: [/*]
14:37:25.852 [main] INFO  com.alibaba.druid.pool.DruidDataSource [line:991] {dataSource-1} inited
14:37:26.424 [main] INFO  org.springframework.jdbc.datasource.init.ScriptUtils [line:441] Executing SQL script from URL [file:/C:/springcloud-workspace/itsm/target/classes/schema.sql]
14:37:26.439 [main] INFO  org.springframework.jdbc.datasource.init.ScriptUtils [line:507] Executed SQL script from URL [file:/C:/springcloud-workspace/itsm/target/classes/schema.sql] in 13 ms.
14:37:26.452 [main] INFO  org.springframework.jdbc.datasource.init.ScriptUtils [line:441] Executing SQL script from URL [file:/C:/springcloud-workspace/itsm/target/classes/data.sql]
14:37:26.457 [main] INFO  org.springframework.jdbc.datasource.init.ScriptUtils [line:507] Executed SQL script from URL [file:/C:/springcloud-workspace/itsm/target/classes/data.sql] in 4 ms.
14:37:27.316 [main] INFO  org.springframework.orm.jpa.LocalContainerEntityManagerFactoryBean [line:349] Building JPA container EntityManagerFactory for persistence unit 'default'
14:37:27.380 [main] INFO  org.hibernate.jpa.internal.util.LogHelper [line:31] HHH000204: Processing PersistenceUnitInfo [
	name: default
	...]
14:37:27.760 [main] INFO  org.hibernate.Version [line:37] HHH000412: Hibernate Core {5.0.12.Final}
14:37:27.768 [main] INFO  org.hibernate.cfg.Environment [line:213] HHH000206: hibernate.properties not found
14:37:27.772 [main] INFO  org.hibernate.cfg.Environment [line:317] HHH000021: Bytecode provider name : javassist
14:37:27.976 [main] INFO  org.hibernate.annotations.common.Version [line:66] HCANN000001: Hibernate Commons Annotations {5.0.1.Final}
14:37:28.468 [main] INFO  org.hibernate.dialect.Dialect [line:156] HHH000400: Using dialect: org.hibernate.dialect.H2Dialect
14:37:29.695 [main] INFO  org.springframework.orm.jpa.LocalContainerEntityManagerFactoryBean [line:379] Initialized JPA EntityManagerFactory for persistence unit 'default'
14:37:31.859 [main] INFO  o.springframework.web.servlet.mvc.method.annotation.RequestMappingHandlerAdapter [line:534] Looking for @ControllerAdvice: org.springframework.boot.context.embedded.AnnotationConfigEmbeddedWebApplicationContext@38be305c: startup date [Wed Apr 10 14:37:13 CST 2019]; root of context hierarchy
14:37:32.140 [main] INFO  o.springframework.web.servlet.mvc.method.annotation.RequestMappingHandlerMapping [line:543] Mapped "{[/user/list],methods=[GET]}" onto public com.beyondsoft.itsm.core.BaseOutDto<java.util.List<com.beyondsoft.itsm.modules.user.domain.User>> com.beyondsoft.itsm.modules.user.controller.UserController.list(int,int)
14:37:32.142 [main] INFO  o.springframework.web.servlet.mvc.method.annotation.RequestMappingHandlerMapping [line:543] Mapped "{[/user/save],methods=[GET]}" onto public com.beyondsoft.itsm.core.BaseOutDto com.beyondsoft.itsm.modules.user.controller.UserController.save(com.beyondsoft.itsm.modules.user.domain.User)
14:37:32.143 [main] INFO  o.springframework.web.servlet.mvc.method.annotation.RequestMappingHandlerMapping [line:543] Mapped "{[/user/testCa],methods=[GET]}" onto public com.beyondsoft.itsm.core.BaseOutDto com.beyondsoft.itsm.modules.user.controller.UserController.testCa()
14:37:32.144 [main] INFO  o.springframework.web.servlet.mvc.method.annotation.RequestMappingHandlerMapping [line:543] Mapped "{[/user/userJspList],methods=[GET]}" onto public java.lang.String com.beyondsoft.itsm.modules.user.controller.UserController.jspList(org.springframework.ui.ModelMap)
14:37:32.145 [main] INFO  o.springframework.web.servlet.mvc.method.annotation.RequestMappingHandlerMapping [line:543] Mapped "{[/user/{userId}],methods=[GET]}" onto public com.beyondsoft.itsm.modules.user.domain.User com.beyondsoft.itsm.modules.user.controller.UserController.findById(java.lang.Integer)
14:37:32.146 [main] INFO  o.springframework.web.servlet.mvc.method.annotation.RequestMappingHandlerMapping [line:543] Mapped "{[/user/userftlList],methods=[GET]}" onto public java.lang.String com.beyondsoft.itsm.modules.user.controller.UserController.ftlList(org.springframework.ui.ModelMap)
14:37:32.151 [main] INFO  o.springframework.web.servlet.mvc.method.annotation.RequestMappingHandlerMapping [line:543] Mapped "{[/error]}" onto public org.springframework.http.ResponseEntity<java.util.Map<java.lang.String, java.lang.Object>> org.springframework.boot.autoconfigure.web.BasicErrorController.error(javax.servlet.http.HttpServletRequest)
14:37:32.153 [main] INFO  o.springframework.web.servlet.mvc.method.annotation.RequestMappingHandlerMapping [line:543] Mapped "{[/error],produces=[text/html]}" onto public org.springframework.web.servlet.ModelAndView org.springframework.boot.autoconfigure.web.BasicErrorController.errorHtml(javax.servlet.http.HttpServletRequest,javax.servlet.http.HttpServletResponse)
14:37:32.221 [main] INFO  org.springframework.web.servlet.handler.SimpleUrlHandlerMapping [line:362] Mapped URL path [/index1] onto handler of type [class org.springframework.web.servlet.mvc.ParameterizableViewController]
14:37:32.330 [main] INFO  org.springframework.web.servlet.handler.SimpleUrlHandlerMapping [line:362] Mapped URL path [/webjars/**] onto handler of type [class org.springframework.web.servlet.resource.ResourceHttpRequestHandler]
14:37:32.330 [main] INFO  org.springframework.web.servlet.handler.SimpleUrlHandlerMapping [line:362] Mapped URL path [/**] onto handler of type [class org.springframework.web.servlet.resource.ResourceHttpRequestHandler]
14:37:32.405 [main] INFO  o.s.web.servlet.mvc.method.annotation.ExceptionHandlerExceptionResolver [line:273] Detected @ExceptionHandler methods in globalExceptionAdvice
14:37:32.499 [main] INFO  org.springframework.web.servlet.handler.SimpleUrlHandlerMapping [line:362] Mapped URL path [/**/favicon.ico] onto handler of type [class org.springframework.web.servlet.resource.ResourceHttpRequestHandler]
14:37:32.732 [main] INFO  o.s.boot.autoconfigure.web.WebMvcAutoConfiguration$WelcomePageHandlerMapping [line:512] Adding welcome page: class path resource [static/index.html]
14:37:33.377 [main] INFO  org.springframework.web.servlet.view.freemarker.FreeMarkerConfigurer [line:127] ClassTemplateLoader for Spring macros added to FreeMarker configuration
14:37:34.364 [main] INFO  org.springframework.jmx.export.annotation.AnnotationMBeanExporter [line:431] Registering beans for JMX exposure on startup
14:37:34.370 [main] INFO  org.springframework.jmx.export.annotation.AnnotationMBeanExporter [line:916] Bean with name 'duridDataSource' has been autodetected for JMX exposure
14:37:34.379 [main] INFO  org.springframework.jmx.export.annotation.AnnotationMBeanExporter [line:671] Located MBean 'duridDataSource': registering with JMX server as MBean [com.alibaba.druid.pool:name=duridDataSource,type=DruidDataSource]
14:37:34.430 [main] INFO  org.apache.coyote.http11.Http11NioProtocol [line:179] Initializing ProtocolHandler ["http-nio-9001"]
14:37:34.474 [main] INFO  org.apache.coyote.http11.Http11NioProtocol [line:179] Starting ProtocolHandler ["http-nio-9001"]
14:37:34.501 [main] INFO  org.apache.tomcat.util.net.NioSelectorPool [line:179] Using a shared selector for servlet write/read
14:37:34.977 [main] INFO  org.springframework.boot.context.embedded.tomcat.TomcatEmbeddedServletContainer [line:198] Tomcat started on port(s): 9001 (http)
14:37:35.025 [main] INFO  com.beyondsoft.itsm.ItsmApplication [line:57] Started ItsmApplication in 24.735 seconds (JVM running for 27.59)
14:37:41.225 [http-nio-9001-exec-10] INFO  org.apache.catalina.core.ContainerBase.[Tomcat].[localhost].[/] [line:179] Initializing Spring FrameworkServlet 'dispatcherServlet'
14:37:41.226 [http-nio-9001-exec-10] INFO  org.springframework.web.servlet.DispatcherServlet [line:489] FrameworkServlet 'dispatcherServlet': initialization started
14:37:41.289 [http-nio-9001-exec-10] INFO  org.springframework.web.servlet.DispatcherServlet [line:508] FrameworkServlet 'dispatcherServlet': initialization completed in 63 ms
14:37:41.941 [http-nio-9001-exec-10] INFO  com.beyondsoft.itsm.core.interceptor.WebAccessLogInterceptor [line:26] ================本次请求地址：/user/testCa
14:37:50.959 [http-nio-9001-exec-7] INFO  com.beyondsoft.itsm.core.interceptor.WebAccessLogInterceptor [line:26] ================本次请求地址：/user/testCa
14:37:54.122 [http-nio-9001-exec-6] INFO  com.beyondsoft.itsm.core.interceptor.WebAccessLogInterceptor [line:26] ================本次请求地址：/user/testCa
14:38:39.532 [http-nio-9001-exec-3] INFO  com.beyondsoft.itsm.core.interceptor.WebAccessLogInterceptor [line:26] ================本次请求地址：/user/testCa
14:45:10.361 [main] INFO  com.beyondsoft.itsm.ItsmApplication [line:48] Starting ItsmApplication on DESKTOP-5B7O4K0 with PID 14848 (C:\springcloud-workspace\itsm\target\classes started by jeff in C:\springcloud-workspace\itsm)
14:45:10.394 [main] INFO  com.beyondsoft.itsm.ItsmApplication [line:662] No active profile set, falling back to default profiles: default
14:45:10.992 [main] INFO  o.s.boot.context.embedded.AnnotationConfigEmbeddedWebApplicationContext [line:583] Refreshing org.springframework.boot.context.embedded.AnnotationConfigEmbeddedWebApplicationContext@7c541c15: startup date [Wed Apr 10 14:45:10 CST 2019]; root of context hierarchy
14:45:11.011 [background-preinit] INFO  org.hibernate.validator.internal.util.Version [line:30] HV000001: Hibernate Validator 5.2.5.Final
14:45:24.532 [main] INFO  org.springframework.boot.context.embedded.tomcat.TomcatEmbeddedServletContainer [line:89] Tomcat initialized with port(s): 9001 (http)
14:45:24.600 [main] INFO  org.apache.catalina.core.StandardService [line:179] Starting service [Tomcat]
14:45:24.604 [main] INFO  org.apache.catalina.core.StandardEngine [line:179] Starting Servlet Engine: Apache Tomcat/8.5.15
14:45:25.601 [localhost-startStop-1] INFO  org.apache.jasper.servlet.TldScanner [line:179] At least one JAR was scanned for TLDs yet contained no TLDs. Enable debug logging for this logger for a complete list of JARs that were scanned but no TLDs were found in them. Skipping unneeded JARs during scanning can improve startup time and JSP compilation time.
14:45:25.616 [localhost-startStop-1] INFO  org.apache.catalina.core.ContainerBase.[Tomcat].[localhost].[/] [line:179] Initializing Spring embedded WebApplicationContext
14:45:25.617 [localhost-startStop-1] INFO  org.springframework.web.context.ContextLoader [line:276] Root WebApplicationContext: initialization completed in 14627 ms
14:45:26.616 [localhost-startStop-1] INFO  org.springframework.boot.web.servlet.ServletRegistrationBean [line:190] Mapping servlet: 'dispatcherServlet' to [/]
14:45:26.620 [localhost-startStop-1] INFO  org.springframework.boot.web.servlet.ServletRegistrationBean [line:190] Mapping servlet: 'statViewServlet' to [/druid/*]
14:45:26.630 [localhost-startStop-1] INFO  org.springframework.boot.web.servlet.FilterRegistrationBean [line:258] Mapping filter: 'characterEncodingFilter' to: [/*]
14:45:26.633 [localhost-startStop-1] INFO  org.springframework.boot.web.servlet.FilterRegistrationBean [line:258] Mapping filter: 'hiddenHttpMethodFilter' to: [/*]
14:45:26.634 [localhost-startStop-1] INFO  org.springframework.boot.web.servlet.FilterRegistrationBean [line:258] Mapping filter: 'httpPutFormContentFilter' to: [/*]
14:45:26.634 [localhost-startStop-1] INFO  org.springframework.boot.web.servlet.FilterRegistrationBean [line:258] Mapping filter: 'requestContextFilter' to: [/*]
14:45:26.635 [localhost-startStop-1] INFO  org.springframework.boot.web.servlet.FilterRegistrationBean [line:271] Mapping filter: 'webStatFilter' to urls: [/*]
14:45:28.296 [main] INFO  com.alibaba.druid.pool.DruidDataSource [line:991] {dataSource-1} inited
14:45:28.952 [main] INFO  org.springframework.jdbc.datasource.init.ScriptUtils [line:441] Executing SQL script from URL [file:/C:/springcloud-workspace/itsm/target/classes/schema.sql]
14:45:28.971 [main] INFO  org.springframework.jdbc.datasource.init.ScriptUtils [line:507] Executed SQL script from URL [file:/C:/springcloud-workspace/itsm/target/classes/schema.sql] in 18 ms.
14:45:28.977 [main] INFO  org.springframework.jdbc.datasource.init.ScriptUtils [line:441] Executing SQL script from URL [file:/C:/springcloud-workspace/itsm/target/classes/data.sql]
14:45:29.004 [main] INFO  org.springframework.jdbc.datasource.init.ScriptUtils [line:507] Executed SQL script from URL [file:/C:/springcloud-workspace/itsm/target/classes/data.sql] in 26 ms.
14:45:29.635 [main] INFO  org.springframework.orm.jpa.LocalContainerEntityManagerFactoryBean [line:349] Building JPA container EntityManagerFactory for persistence unit 'default'
14:45:29.729 [main] INFO  org.hibernate.jpa.internal.util.LogHelper [line:31] HHH000204: Processing PersistenceUnitInfo [
	name: default
	...]
14:45:30.034 [main] INFO  org.hibernate.Version [line:37] HHH000412: Hibernate Core {5.0.12.Final}
14:45:30.038 [main] INFO  org.hibernate.cfg.Environment [line:213] HHH000206: hibernate.properties not found
14:45:30.043 [main] INFO  org.hibernate.cfg.Environment [line:317] HHH000021: Bytecode provider name : javassist
14:45:30.244 [main] INFO  org.hibernate.annotations.common.Version [line:66] HCANN000001: Hibernate Commons Annotations {5.0.1.Final}
14:45:30.765 [main] INFO  org.hibernate.dialect.Dialect [line:156] HHH000400: Using dialect: org.hibernate.dialect.H2Dialect
14:45:32.592 [main] INFO  org.springframework.orm.jpa.LocalContainerEntityManagerFactoryBean [line:379] Initialized JPA EntityManagerFactory for persistence unit 'default'
14:45:35.857 [main] INFO  o.springframework.web.servlet.mvc.method.annotation.RequestMappingHandlerAdapter [line:534] Looking for @ControllerAdvice: org.springframework.boot.context.embedded.AnnotationConfigEmbeddedWebApplicationContext@7c541c15: startup date [Wed Apr 10 14:45:10 CST 2019]; root of context hierarchy
14:45:36.302 [main] INFO  o.springframework.web.servlet.mvc.method.annotation.RequestMappingHandlerMapping [line:543] Mapped "{[/user/list],methods=[GET]}" onto public com.beyondsoft.itsm.core.BaseOutDto<java.util.List<com.beyondsoft.itsm.modules.user.domain.User>> com.beyondsoft.itsm.modules.user.controller.UserController.list(int,int)
14:45:36.305 [main] INFO  o.springframework.web.servlet.mvc.method.annotation.RequestMappingHandlerMapping [line:543] Mapped "{[/user/save],methods=[GET]}" onto public com.beyondsoft.itsm.core.BaseOutDto com.beyondsoft.itsm.modules.user.controller.UserController.save(com.beyondsoft.itsm.modules.user.domain.User)
14:45:36.306 [main] INFO  o.springframework.web.servlet.mvc.method.annotation.RequestMappingHandlerMapping [line:543] Mapped "{[/user/userftlList],methods=[GET]}" onto public java.lang.String com.beyondsoft.itsm.modules.user.controller.UserController.ftlList(org.springframework.ui.ModelMap)
14:45:36.307 [main] INFO  o.springframework.web.servlet.mvc.method.annotation.RequestMappingHandlerMapping [line:543] Mapped "{[/user/userJspList],methods=[GET]}" onto public java.lang.String com.beyondsoft.itsm.modules.user.controller.UserController.jspList(org.springframework.ui.ModelMap)
14:45:36.307 [main] INFO  o.springframework.web.servlet.mvc.method.annotation.RequestMappingHandlerMapping [line:543] Mapped "{[/user/{userId}],methods=[GET]}" onto public com.beyondsoft.itsm.modules.user.domain.User com.beyondsoft.itsm.modules.user.controller.UserController.findById(java.lang.Integer)
14:45:36.309 [main] INFO  o.springframework.web.servlet.mvc.method.annotation.RequestMappingHandlerMapping [line:543] Mapped "{[/user/testCa],methods=[GET]}" onto public com.beyondsoft.itsm.core.BaseOutDto com.beyondsoft.itsm.modules.user.controller.UserController.testCa()
14:45:36.332 [main] INFO  o.springframework.web.servlet.mvc.method.annotation.RequestMappingHandlerMapping [line:543] Mapped "{[/error]}" onto public org.springframework.http.ResponseEntity<java.util.Map<java.lang.String, java.lang.Object>> org.springframework.boot.autoconfigure.web.BasicErrorController.error(javax.servlet.http.HttpServletRequest)
14:45:36.334 [main] INFO  o.springframework.web.servlet.mvc.method.annotation.RequestMappingHandlerMapping [line:543] Mapped "{[/error],produces=[text/html]}" onto public org.springframework.web.servlet.ModelAndView org.springframework.boot.autoconfigure.web.BasicErrorController.errorHtml(javax.servlet.http.HttpServletRequest,javax.servlet.http.HttpServletResponse)
14:45:36.646 [main] INFO  org.springframework.web.servlet.handler.SimpleUrlHandlerMapping [line:362] Mapped URL path [/index1] onto handler of type [class org.springframework.web.servlet.mvc.ParameterizableViewController]
14:45:36.725 [main] INFO  org.springframework.web.servlet.handler.SimpleUrlHandlerMapping [line:362] Mapped URL path [/webjars/**] onto handler of type [class org.springframework.web.servlet.resource.ResourceHttpRequestHandler]
14:45:36.727 [main] INFO  org.springframework.web.servlet.handler.SimpleUrlHandlerMapping [line:362] Mapped URL path [/**] onto handler of type [class org.springframework.web.servlet.resource.ResourceHttpRequestHandler]
14:45:36.945 [main] INFO  o.s.web.servlet.mvc.method.annotation.ExceptionHandlerExceptionResolver [line:273] Detected @ExceptionHandler methods in globalExceptionAdvice
14:45:37.075 [main] INFO  org.springframework.web.servlet.handler.SimpleUrlHandlerMapping [line:362] Mapped URL path [/**/favicon.ico] onto handler of type [class org.springframework.web.servlet.resource.ResourceHttpRequestHandler]
14:45:37.446 [main] INFO  o.s.boot.autoconfigure.web.WebMvcAutoConfiguration$WelcomePageHandlerMapping [line:512] Adding welcome page: class path resource [static/index.html]
14:45:38.142 [main] INFO  org.springframework.web.servlet.view.freemarker.FreeMarkerConfigurer [line:127] ClassTemplateLoader for Spring macros added to FreeMarker configuration
14:45:39.297 [main] INFO  org.springframework.jmx.export.annotation.AnnotationMBeanExporter [line:431] Registering beans for JMX exposure on startup
14:45:39.302 [main] INFO  org.springframework.jmx.export.annotation.AnnotationMBeanExporter [line:916] Bean with name 'duridDataSource' has been autodetected for JMX exposure
14:45:39.334 [main] INFO  org.springframework.jmx.export.annotation.AnnotationMBeanExporter [line:671] Located MBean 'duridDataSource': registering with JMX server as MBean [com.alibaba.druid.pool:name=duridDataSource,type=DruidDataSource]
14:45:39.387 [main] INFO  org.apache.coyote.http11.Http11NioProtocol [line:179] Initializing ProtocolHandler ["http-nio-9001"]
14:45:39.441 [main] INFO  org.apache.coyote.http11.Http11NioProtocol [line:179] Starting ProtocolHandler ["http-nio-9001"]
14:45:39.606 [main] INFO  org.apache.tomcat.util.net.NioSelectorPool [line:179] Using a shared selector for servlet write/read
14:45:40.117 [main] INFO  org.springframework.boot.context.embedded.tomcat.TomcatEmbeddedServletContainer [line:198] Tomcat started on port(s): 9001 (http)
14:45:40.149 [main] INFO  com.beyondsoft.itsm.ItsmApplication [line:57] Started ItsmApplication in 33.17 seconds (JVM running for 36.542)
14:45:45.684 [http-nio-9001-exec-10] INFO  org.apache.catalina.core.ContainerBase.[Tomcat].[localhost].[/] [line:179] Initializing Spring FrameworkServlet 'dispatcherServlet'
14:45:45.685 [http-nio-9001-exec-10] INFO  org.springframework.web.servlet.DispatcherServlet [line:489] FrameworkServlet 'dispatcherServlet': initialization started
14:45:45.748 [http-nio-9001-exec-10] INFO  org.springframework.web.servlet.DispatcherServlet [line:508] FrameworkServlet 'dispatcherServlet': initialization completed in 63 ms
14:45:45.871 [http-nio-9001-exec-10] INFO  com.beyondsoft.itsm.core.interceptor.WebAccessLogInterceptor [line:26] ================本次请求地址：/user/testCa
